{"C:\\Projetos\\SME-Boletim-FrontEnd\\src\\componentes\\cabecalho\\cabecalho.tsx": {"path":"C:\\Projetos\\SME-Boletim-FrontEnd\\src\\componentes\\cabecalho\\cabecalho.tsx","statementMap":{"0":{"start":{"line":6,"column":19},"end":{"line":6,"column":25}},"1":{"start":{"line":9,"column":20},"end":{"line":9,"column":61}},"2":{"start":{"line":11,"column":28},"end":{"line":33,"column":1}},"3":{"start":{"line":12,"column":2},"end":{"line":32,"column":4}}},"fnMap":{"0":{"name":"(anonymous_0)","decl":{"start":{"line":11,"column":28},"end":{"line":11,"column":29}},"loc":{"start":{"line":11,"column":34},"end":{"line":33,"column":1}},"line":11}},"branchMap":{},"s":{"0":1,"1":1,"2":1,"3":2},"f":{"0":2},"b":{},"_coverageSchema":"1a1c01bbd47fc00a2c39e90264f33305004495a9","hash":"a4f18d4e961ac6cfaf4b69a890e0e89cf325ce56"}
,"C:\\Projetos\\SME-Boletim-FrontEnd\\src\\componentes\\conteudo\\conteudo.tsx": {"path":"C:\\Projetos\\SME-Boletim-FrontEnd\\src\\componentes\\conteudo\\conteudo.tsx","statementMap":{"0":{"start":{"line":11,"column":27},"end":{"line":67,"column":1}},"1":{"start":{"line":12,"column":19},"end":{"line":12,"column":32}},"2":{"start":{"line":13,"column":20},"end":{"line":13,"column":74}},"3":{"start":{"line":13,"column":54},"end":{"line":13,"column":73}},"4":{"start":{"line":14,"column":24},"end":{"line":14,"column":78}},"5":{"start":{"line":14,"column":58},"end":{"line":14,"column":77}},"6":{"start":{"line":15,"column":28},"end":{"line":17,"column":3}},"7":{"start":{"line":16,"column":26},"end":{"line":16,"column":47}},"8":{"start":{"line":19,"column":28},"end":{"line":19,"column":56}},"9":{"start":{"line":21,"column":2},"end":{"line":66,"column":4}},"10":{"start":{"line":35,"column":33},"end":{"line":35,"column":60}}},"fnMap":{"0":{"name":"(anonymous_0)","decl":{"start":{"line":11,"column":27},"end":{"line":11,"column":28}},"loc":{"start":{"line":11,"column":33},"end":{"line":67,"column":1}},"line":11},"1":{"name":"(anonymous_1)","decl":{"start":{"line":13,"column":32},"end":{"line":13,"column":33}},"loc":{"start":{"line":13,"column":54},"end":{"line":13,"column":73}},"line":13},"2":{"name":"(anonymous_2)","decl":{"start":{"line":14,"column":36},"end":{"line":14,"column":37}},"loc":{"start":{"line":14,"column":58},"end":{"line":14,"column":77}},"line":14},"3":{"name":"(anonymous_3)","decl":{"start":{"line":16,"column":4},"end":{"line":16,"column":5}},"loc":{"start":{"line":16,"column":26},"end":{"line":16,"column":47}},"line":16},"4":{"name":"(anonymous_4)","decl":{"start":{"line":35,"column":24},"end":{"line":35,"column":25}},"loc":{"start":{"line":35,"column":33},"end":{"line":35,"column":60}},"line":35}},"branchMap":{},"s":{"0":1,"1":3,"2":3,"3":3,"4":3,"5":3,"6":3,"7":3,"8":3,"9":3,"10":1},"f":{"0":3,"1":3,"2":3,"3":3,"4":1},"b":{},"_coverageSchema":"1a1c01bbd47fc00a2c39e90264f33305004495a9","hash":"83eb29783db2f84aa0e180ab40667a5cf9568aa1"}
,"C:\\Projetos\\SME-Boletim-FrontEnd\\src\\componentes\\conteudo\\conteudoTabs\\estudantes.tsx": {"path":"C:\\Projetos\\SME-Boletim-FrontEnd\\src\\componentes\\conteudo\\conteudoTabs\\estudantes.tsx","statementMap":{"0":{"start":{"line":9,"column":29},"end":{"line":259,"column":1}},"1":{"start":{"line":10,"column":28},"end":{"line":10,"column":47}},"2":{"start":{"line":11,"column":45},"end":{"line":11,"column":64}},"3":{"start":{"line":12,"column":42},"end":{"line":12,"column":63}},"4":{"start":{"line":14,"column":38},"end":{"line":14,"column":53}},"5":{"start":{"line":15,"column":30},"end":{"line":15,"column":41}},"6":{"start":{"line":16,"column":34},"end":{"line":16,"column":46}},"7":{"start":{"line":17,"column":46},"end":{"line":17,"column":57}},"8":{"start":{"line":19,"column":28},"end":{"line":21,"column":3}},"9":{"start":{"line":20,"column":26},"end":{"line":20,"column":56}},"10":{"start":{"line":23,"column":30},"end":{"line":23,"column":78}},"11":{"start":{"line":23,"column":64},"end":{"line":23,"column":77}},"12":{"start":{"line":24,"column":20},"end":{"line":24,"column":74}},"13":{"start":{"line":24,"column":54},"end":{"line":24,"column":73}},"14":{"start":{"line":26,"column":32},"end":{"line":87,"column":3}},"15":{"start":{"line":27,"column":4},"end":{"line":86,"column":5}},"16":{"start":{"line":28,"column":6},"end":{"line":28,"column":26}},"17":{"start":{"line":30,"column":20},"end":{"line":30,"column":22}},"18":{"start":{"line":31,"column":6},"end":{"line":73,"column":7}},"19":{"start":{"line":40,"column":23},"end":{"line":40,"column":44}},"20":{"start":{"line":42,"column":8},"end":{"line":43,"column":76}},"21":{"start":{"line":43,"column":10},"end":{"line":43,"column":76}},"22":{"start":{"line":45,"column":8},"end":{"line":46,"column":74}},"23":{"start":{"line":46,"column":10},"end":{"line":46,"column":74}},"24":{"start":{"line":48,"column":8},"end":{"line":50,"column":11}},"25":{"start":{"line":49,"column":10},"end":{"line":49,"column":54}},"26":{"start":{"line":52,"column":8},"end":{"line":54,"column":11}},"27":{"start":{"line":53,"column":10},"end":{"line":53,"column":74}},"28":{"start":{"line":56,"column":8},"end":{"line":58,"column":11}},"29":{"start":{"line":57,"column":10},"end":{"line":57,"column":68}},"30":{"start":{"line":60,"column":8},"end":{"line":64,"column":12}},"31":{"start":{"line":61,"column":10},"end":{"line":64,"column":12}},"32":{"start":{"line":66,"column":8},"end":{"line":70,"column":12}},"33":{"start":{"line":67,"column":10},"end":{"line":70,"column":12}},"34":{"start":{"line":72,"column":8},"end":{"line":72,"column":42}},"35":{"start":{"line":75,"column":23},"end":{"line":77,"column":7}},"36":{"start":{"line":79,"column":6},"end":{"line":79,"column":48}},"37":{"start":{"line":80,"column":6},"end":{"line":80,"column":54}},"38":{"start":{"line":81,"column":6},"end":{"line":81,"column":65}},"39":{"start":{"line":83,"column":6},"end":{"line":83,"column":65}},"40":{"start":{"line":85,"column":6},"end":{"line":85,"column":27}},"41":{"start":{"line":89,"column":30},"end":{"line":147,"column":3}},"42":{"start":{"line":90,"column":4},"end":{"line":146,"column":5}},"43":{"start":{"line":91,"column":6},"end":{"line":91,"column":26}},"44":{"start":{"line":93,"column":20},"end":{"line":93,"column":22}},"45":{"start":{"line":94,"column":6},"end":{"line":136,"column":7}},"46":{"start":{"line":103,"column":23},"end":{"line":103,"column":44}},"47":{"start":{"line":105,"column":8},"end":{"line":106,"column":76}},"48":{"start":{"line":106,"column":10},"end":{"line":106,"column":76}},"49":{"start":{"line":108,"column":8},"end":{"line":109,"column":74}},"50":{"start":{"line":109,"column":10},"end":{"line":109,"column":74}},"51":{"start":{"line":111,"column":8},"end":{"line":113,"column":11}},"52":{"start":{"line":112,"column":10},"end":{"line":112,"column":54}},"53":{"start":{"line":115,"column":8},"end":{"line":117,"column":11}},"54":{"start":{"line":116,"column":10},"end":{"line":116,"column":74}},"55":{"start":{"line":119,"column":8},"end":{"line":121,"column":11}},"56":{"start":{"line":120,"column":10},"end":{"line":120,"column":68}},"57":{"start":{"line":123,"column":8},"end":{"line":127,"column":12}},"58":{"start":{"line":124,"column":10},"end":{"line":127,"column":12}},"59":{"start":{"line":129,"column":8},"end":{"line":133,"column":12}},"60":{"start":{"line":130,"column":10},"end":{"line":133,"column":12}},"61":{"start":{"line":135,"column":8},"end":{"line":135,"column":42}},"62":{"start":{"line":138,"column":32},"end":{"line":140,"column":7}},"63":{"start":{"line":141,"column":6},"end":{"line":141,"column":38}},"64":{"start":{"line":143,"column":6},"end":{"line":143,"column":65}},"65":{"start":{"line":145,"column":6},"end":{"line":145,"column":27}},"66":{"start":{"line":149,"column":2},"end":{"line":153,"column":36}},"67":{"start":{"line":150,"column":4},"end":{"line":152,"column":5}},"68":{"start":{"line":151,"column":6},"end":{"line":151,"column":46}},"69":{"start":{"line":155,"column":2},"end":{"line":161,"column":58}},"70":{"start":{"line":156,"column":4},"end":{"line":160,"column":5}},"71":{"start":{"line":157,"column":6},"end":{"line":157,"column":19}},"72":{"start":{"line":158,"column":6},"end":{"line":158,"column":30}},"73":{"start":{"line":159,"column":6},"end":{"line":159,"column":28}},"74":{"start":{"line":163,"column":24},"end":{"line":176,"column":3}},"75":{"start":{"line":164,"column":4},"end":{"line":175,"column":5}},"76":{"start":{"line":166,"column":8},"end":{"line":166,"column":25}},"77":{"start":{"line":168,"column":8},"end":{"line":168,"column":25}},"78":{"start":{"line":170,"column":8},"end":{"line":170,"column":25}},"79":{"start":{"line":172,"column":8},"end":{"line":172,"column":25}},"80":{"start":{"line":174,"column":8},"end":{"line":174,"column":23}},"81":{"start":{"line":178,"column":18},"end":{"line":207,"column":3}},"82":{"start":{"line":194,"column":8},"end":{"line":204,"column":15}},"83":{"start":{"line":209,"column":2},"end":{"line":258,"column":4}},"84":{"start":{"line":240,"column":14},"end":{"line":240,"column":58}},"85":{"start":{"line":242,"column":46},"end":{"line":242,"column":66}},"86":{"start":{"line":244,"column":14},"end":{"line":244,"column":30}},"87":{"start":{"line":245,"column":14},"end":{"line":245,"column":35}},"88":{"start":{"line":255,"column":8},"end":{"line":255,"column":45}}},"fnMap":{"0":{"name":"(anonymous_0)","decl":{"start":{"line":9,"column":29},"end":{"line":9,"column":30}},"loc":{"start":{"line":9,"column":35},"end":{"line":259,"column":1}},"line":9},"1":{"name":"(anonymous_1)","decl":{"start":{"line":20,"column":4},"end":{"line":20,"column":5}},"loc":{"start":{"line":20,"column":26},"end":{"line":20,"column":56}},"line":20},"2":{"name":"(anonymous_2)","decl":{"start":{"line":23,"column":42},"end":{"line":23,"column":43}},"loc":{"start":{"line":23,"column":64},"end":{"line":23,"column":77}},"line":23},"3":{"name":"(anonymous_3)","decl":{"start":{"line":24,"column":32},"end":{"line":24,"column":33}},"loc":{"start":{"line":24,"column":54},"end":{"line":24,"column":73}},"line":24},"4":{"name":"(anonymous_4)","decl":{"start":{"line":26,"column":32},"end":{"line":26,"column":33}},"loc":{"start":{"line":26,"column":79},"end":{"line":87,"column":3}},"line":26},"5":{"name":"(anonymous_5)","decl":{"start":{"line":48,"column":50},"end":{"line":48,"column":51}},"loc":{"start":{"line":48,"column":60},"end":{"line":50,"column":9}},"line":48},"6":{"name":"(anonymous_6)","decl":{"start":{"line":52,"column":60},"end":{"line":52,"column":61}},"loc":{"start":{"line":52,"column":70},"end":{"line":54,"column":9}},"line":52},"7":{"name":"(anonymous_7)","decl":{"start":{"line":56,"column":43},"end":{"line":56,"column":44}},"loc":{"start":{"line":56,"column":53},"end":{"line":58,"column":9}},"line":56},"8":{"name":"(anonymous_8)","decl":{"start":{"line":89,"column":30},"end":{"line":89,"column":31}},"loc":{"start":{"line":89,"column":42},"end":{"line":147,"column":3}},"line":89},"9":{"name":"(anonymous_9)","decl":{"start":{"line":111,"column":50},"end":{"line":111,"column":51}},"loc":{"start":{"line":111,"column":60},"end":{"line":113,"column":9}},"line":111},"10":{"name":"(anonymous_10)","decl":{"start":{"line":115,"column":60},"end":{"line":115,"column":61}},"loc":{"start":{"line":115,"column":70},"end":{"line":117,"column":9}},"line":115},"11":{"name":"(anonymous_11)","decl":{"start":{"line":119,"column":43},"end":{"line":119,"column":44}},"loc":{"start":{"line":119,"column":53},"end":{"line":121,"column":9}},"line":119},"12":{"name":"(anonymous_12)","decl":{"start":{"line":149,"column":12},"end":{"line":149,"column":13}},"loc":{"start":{"line":149,"column":18},"end":{"line":153,"column":3}},"line":149},"13":{"name":"(anonymous_13)","decl":{"start":{"line":155,"column":12},"end":{"line":155,"column":13}},"loc":{"start":{"line":155,"column":18},"end":{"line":161,"column":3}},"line":155},"14":{"name":"(anonymous_14)","decl":{"start":{"line":163,"column":24},"end":{"line":163,"column":25}},"loc":{"start":{"line":163,"column":43},"end":{"line":176,"column":3}},"line":163},"15":{"name":"(anonymous_15)","decl":{"start":{"line":193,"column":14},"end":{"line":193,"column":15}},"loc":{"start":{"line":194,"column":8},"end":{"line":204,"column":15}},"line":194},"16":{"name":"(anonymous_16)","decl":{"start":{"line":239,"column":23},"end":{"line":239,"column":24}},"loc":{"start":{"line":240,"column":14},"end":{"line":240,"column":58}},"line":240},"17":{"name":"(anonymous_17)","decl":{"start":{"line":242,"column":30},"end":{"line":242,"column":31}},"loc":{"start":{"line":242,"column":46},"end":{"line":242,"column":66}},"line":242},"18":{"name":"(anonymous_18)","decl":{"start":{"line":243,"column":22},"end":{"line":243,"column":23}},"loc":{"start":{"line":243,"column":41},"end":{"line":246,"column":13}},"line":243},"19":{"name":"(anonymous_19)","decl":{"start":{"line":254,"column":24},"end":{"line":254,"column":25}},"loc":{"start":{"line":255,"column":8},"end":{"line":255,"column":45}},"line":255}},"branchMap":{"0":{"loc":{"start":{"line":26,"column":39},"end":{"line":26,"column":54}},"type":"default-arg","locations":[{"start":{"line":26,"column":53},"end":{"line":26,"column":54}}],"line":26},"1":{"loc":{"start":{"line":26,"column":56},"end":{"line":26,"column":74}},"type":"default-arg","locations":[{"start":{"line":26,"column":72},"end":{"line":26,"column":74}}],"line":26},"2":{"loc":{"start":{"line":31,"column":6},"end":{"line":73,"column":7}},"type":"if","locations":[{"start":{"line":31,"column":6},"end":{"line":73,"column":7}},{"start":{},"end":{}}],"line":31},"3":{"loc":{"start":{"line":32,"column":8},"end":{"line":38,"column":52}},"type":"binary-expr","locations":[{"start":{"line":32,"column":8},"end":{"line":32,"column":41}},{"start":{"line":33,"column":8},"end":{"line":33,"column":40}},{"start":{"line":34,"column":8},"end":{"line":34,"column":52}},{"start":{"line":35,"column":8},"end":{"line":35,"column":62}},{"start":{"line":36,"column":8},"end":{"line":36,"column":45}},{"start":{"line":37,"column":8},"end":{"line":37,"column":52}},{"start":{"line":38,"column":8},"end":{"line":38,"column":52}}],"line":32},"4":{"loc":{"start":{"line":42,"column":8},"end":{"line":43,"column":76}},"type":"if","locations":[{"start":{"line":42,"column":8},"end":{"line":43,"column":76}},{"start":{},"end":{}}],"line":42},"5":{"loc":{"start":{"line":45,"column":8},"end":{"line":46,"column":74}},"type":"if","locations":[{"start":{"line":45,"column":8},"end":{"line":46,"column":74}},{"start":{},"end":{}}],"line":45},"6":{"loc":{"start":{"line":60,"column":8},"end":{"line":64,"column":12}},"type":"if","locations":[{"start":{"line":60,"column":8},"end":{"line":64,"column":12}},{"start":{},"end":{}}],"line":60},"7":{"loc":{"start":{"line":66,"column":8},"end":{"line":70,"column":12}},"type":"if","locations":[{"start":{"line":66,"column":8},"end":{"line":70,"column":12}},{"start":{},"end":{}}],"line":66},"8":{"loc":{"start":{"line":79,"column":15},"end":{"line":79,"column":46}},"type":"binary-expr","locations":[{"start":{"line":79,"column":15},"end":{"line":79,"column":40}},{"start":{"line":79,"column":44},"end":{"line":79,"column":46}}],"line":79},"9":{"loc":{"start":{"line":80,"column":26},"end":{"line":80,"column":52}},"type":"binary-expr","locations":[{"start":{"line":80,"column":26},"end":{"line":80,"column":46}},{"start":{"line":80,"column":50},"end":{"line":80,"column":52}}],"line":80},"10":{"loc":{"start":{"line":81,"column":24},"end":{"line":81,"column":63}},"type":"binary-expr","locations":[{"start":{"line":81,"column":24},"end":{"line":81,"column":58}},{"start":{"line":81,"column":62},"end":{"line":81,"column":63}}],"line":81},"11":{"loc":{"start":{"line":94,"column":6},"end":{"line":136,"column":7}},"type":"if","locations":[{"start":{"line":94,"column":6},"end":{"line":136,"column":7}},{"start":{},"end":{}}],"line":94},"12":{"loc":{"start":{"line":95,"column":8},"end":{"line":101,"column":52}},"type":"binary-expr","locations":[{"start":{"line":95,"column":8},"end":{"line":95,"column":41}},{"start":{"line":96,"column":8},"end":{"line":96,"column":40}},{"start":{"line":97,"column":8},"end":{"line":97,"column":52}},{"start":{"line":98,"column":8},"end":{"line":98,"column":62}},{"start":{"line":99,"column":8},"end":{"line":99,"column":45}},{"start":{"line":100,"column":8},"end":{"line":100,"column":52}},{"start":{"line":101,"column":8},"end":{"line":101,"column":52}}],"line":95},"13":{"loc":{"start":{"line":105,"column":8},"end":{"line":106,"column":76}},"type":"if","locations":[{"start":{"line":105,"column":8},"end":{"line":106,"column":76}},{"start":{},"end":{}}],"line":105},"14":{"loc":{"start":{"line":108,"column":8},"end":{"line":109,"column":74}},"type":"if","locations":[{"start":{"line":108,"column":8},"end":{"line":109,"column":74}},{"start":{},"end":{}}],"line":108},"15":{"loc":{"start":{"line":123,"column":8},"end":{"line":127,"column":12}},"type":"if","locations":[{"start":{"line":123,"column":8},"end":{"line":127,"column":12}},{"start":{},"end":{}}],"line":123},"16":{"loc":{"start":{"line":129,"column":8},"end":{"line":133,"column":12}},"type":"if","locations":[{"start":{"line":129,"column":8},"end":{"line":133,"column":12}},{"start":{},"end":{}}],"line":129},"17":{"loc":{"start":{"line":141,"column":22},"end":{"line":141,"column":36}},"type":"binary-expr","locations":[{"start":{"line":141,"column":22},"end":{"line":141,"column":30}},{"start":{"line":141,"column":34},"end":{"line":141,"column":36}}],"line":141},"18":{"loc":{"start":{"line":150,"column":4},"end":{"line":152,"column":5}},"type":"if","locations":[{"start":{"line":150,"column":4},"end":{"line":152,"column":5}},{"start":{},"end":{}}],"line":150},"19":{"loc":{"start":{"line":150,"column":8},"end":{"line":150,"column":45}},"type":"binary-expr","locations":[{"start":{"line":150,"column":8},"end":{"line":150,"column":25}},{"start":{"line":150,"column":29},"end":{"line":150,"column":45}}],"line":150},"20":{"loc":{"start":{"line":156,"column":4},"end":{"line":160,"column":5}},"type":"if","locations":[{"start":{"line":156,"column":4},"end":{"line":160,"column":5}},{"start":{},"end":{}}],"line":156},"21":{"loc":{"start":{"line":156,"column":8},"end":{"line":156,"column":45}},"type":"binary-expr","locations":[{"start":{"line":156,"column":8},"end":{"line":156,"column":25}},{"start":{"line":156,"column":29},"end":{"line":156,"column":45}}],"line":156},"22":{"loc":{"start":{"line":164,"column":4},"end":{"line":175,"column":5}},"type":"switch","locations":[{"start":{"line":165,"column":6},"end":{"line":166,"column":25}},{"start":{"line":167,"column":6},"end":{"line":168,"column":25}},{"start":{"line":169,"column":6},"end":{"line":170,"column":25}},{"start":{"line":171,"column":6},"end":{"line":172,"column":25}},{"start":{"line":173,"column":6},"end":{"line":174,"column":23}}],"line":164},"23":{"loc":{"start":{"line":222,"column":11},"end":{"line":226,"column":28}},"type":"cond-expr","locations":[{"start":{"line":223,"column":14},"end":{"line":225,"column":16}},{"start":{"line":226,"column":14},"end":{"line":226,"column":28}}],"line":222}},"s":{"0":1,"1":6,"2":6,"3":6,"4":6,"5":6,"6":6,"7":6,"8":6,"9":6,"10":6,"11":6,"12":6,"13":6,"14":6,"15":4,"16":4,"17":4,"18":4,"19":0,"20":0,"21":0,"22":0,"23":0,"24":0,"25":0,"26":0,"27":0,"28":0,"29":0,"30":0,"31":0,"32":0,"33":0,"34":0,"35":4,"36":4,"37":2,"38":2,"39":2,"40":4,"41":6,"42":2,"43":2,"44":2,"45":2,"46":0,"47":0,"48":0,"49":0,"50":0,"51":0,"52":0,"53":0,"54":0,"55":0,"56":0,"57":0,"58":0,"59":0,"60":0,"61":0,"62":2,"63":2,"64":0,"65":2,"66":6,"67":2,"68":2,"69":6,"70":2,"71":2,"72":2,"73":2,"74":6,"75":0,"76":0,"77":0,"78":0,"79":0,"80":0,"81":6,"82":0,"83":6,"84":0,"85":0,"86":0,"87":0,"88":0},"f":{"0":6,"1":6,"2":6,"3":6,"4":4,"5":0,"6":0,"7":0,"8":2,"9":0,"10":0,"11":0,"12":2,"13":2,"14":0,"15":0,"16":0,"17":0,"18":0,"19":0},"b":{"0":[2],"1":[2],"2":[0,4],"3":[4,4,4,4,4,4,4],"4":[0,0],"5":[0,0],"6":[0,0],"7":[0,0],"8":[4,0],"9":[2,0],"10":[2,2],"11":[0,2],"12":[2,2,2,2,2,2,2],"13":[0,0],"14":[0,0],"15":[0,0],"16":[0,0],"17":[2,2],"18":[2,0],"19":[2,2],"20":[2,0],"21":[2,2],"22":[0,0,0,0,0],"23":[1,5]},"_coverageSchema":"1a1c01bbd47fc00a2c39e90264f33305004495a9","hash":"7a9b85ebfc9c497420bb811b3076c6c2444c173e"}
,"C:\\Projetos\\SME-Boletim-FrontEnd\\src\\componentes\\conteudo\\conteudoTabs\\principal.tsx": {"path":"C:\\Projetos\\SME-Boletim-FrontEnd\\src\\componentes\\conteudo\\conteudoTabs\\principal.tsx","statementMap":{"0":{"start":{"line":16,"column":28},"end":{"line":245,"column":1}},"1":{"start":{"line":17,"column":28},"end":{"line":17,"column":47}},"2":{"start":{"line":18,"column":46},"end":{"line":18,"column":61}},"3":{"start":{"line":19,"column":64},"end":{"line":19,"column":79}},"4":{"start":{"line":21,"column":28},"end":{"line":23,"column":3}},"5":{"start":{"line":22,"column":26},"end":{"line":22,"column":56}},"6":{"start":{"line":25,"column":20},"end":{"line":25,"column":74}},"7":{"start":{"line":25,"column":54},"end":{"line":25,"column":73}},"8":{"start":{"line":26,"column":30},"end":{"line":26,"column":78}},"9":{"start":{"line":26,"column":64},"end":{"line":26,"column":77}},"10":{"start":{"line":28,"column":29},"end":{"line":62,"column":3}},"11":{"start":{"line":29,"column":4},"end":{"line":61,"column":5}},"12":{"start":{"line":30,"column":6},"end":{"line":30,"column":30}},"13":{"start":{"line":31,"column":20},"end":{"line":31,"column":22}},"14":{"start":{"line":32,"column":6},"end":{"line":47,"column":7}},"15":{"start":{"line":36,"column":23},"end":{"line":36,"column":44}},"16":{"start":{"line":38,"column":8},"end":{"line":40,"column":11}},"17":{"start":{"line":39,"column":10},"end":{"line":39,"column":54}},"18":{"start":{"line":42,"column":8},"end":{"line":44,"column":11}},"19":{"start":{"line":43,"column":10},"end":{"line":43,"column":74}},"20":{"start":{"line":46,"column":8},"end":{"line":46,"column":42}},"21":{"start":{"line":48,"column":23},"end":{"line":50,"column":7}},"22":{"start":{"line":52,"column":6},"end":{"line":52,"column":25}},"23":{"start":{"line":54,"column":6},"end":{"line":57,"column":8}},"24":{"start":{"line":58,"column":6},"end":{"line":58,"column":31}},"25":{"start":{"line":60,"column":6},"end":{"line":60,"column":31}},"26":{"start":{"line":64,"column":2},"end":{"line":68,"column":58}},"27":{"start":{"line":65,"column":4},"end":{"line":67,"column":5}},"28":{"start":{"line":66,"column":6},"end":{"line":66,"column":27}},"29":{"start":{"line":70,"column":2},"end":{"line":111,"column":32}},"30":{"start":{"line":71,"column":31},"end":{"line":100,"column":5}},"31":{"start":{"line":72,"column":6},"end":{"line":99,"column":7}},"32":{"start":{"line":73,"column":8},"end":{"line":73,"column":31}},"33":{"start":{"line":74,"column":8},"end":{"line":74,"column":31}},"34":{"start":{"line":76,"column":8},"end":{"line":98,"column":11}},"35":{"start":{"line":84,"column":12},"end":{"line":84,"column":75}},"36":{"start":{"line":85,"column":12},"end":{"line":85,"column":37}},"37":{"start":{"line":88,"column":12},"end":{"line":96,"column":15}},"38":{"start":{"line":102,"column":4},"end":{"line":106,"column":5}},"39":{"start":{"line":103,"column":6},"end":{"line":103,"column":66}},"40":{"start":{"line":105,"column":6},"end":{"line":105,"column":69}},"41":{"start":{"line":108,"column":4},"end":{"line":110,"column":6}},"42":{"start":{"line":109,"column":6},"end":{"line":109,"column":69}},"43":{"start":{"line":113,"column":44},"end":{"line":173,"column":3}},"44":{"start":{"line":114,"column":4},"end":{"line":114,"column":37}},"45":{"start":{"line":116,"column":4},"end":{"line":125,"column":7}},"46":{"start":{"line":127,"column":4},"end":{"line":172,"column":5}},"47":{"start":{"line":128,"column":23},"end":{"line":131,"column":7}},"48":{"start":{"line":133,"column":19},"end":{"line":135,"column":8}},"49":{"start":{"line":137,"column":19},"end":{"line":137,"column":46}},"50":{"start":{"line":138,"column":6},"end":{"line":138,"column":44}},"51":{"start":{"line":139,"column":6},"end":{"line":139,"column":89}},"52":{"start":{"line":141,"column":6},"end":{"line":141,"column":38}},"53":{"start":{"line":142,"column":6},"end":{"line":142,"column":19}},"54":{"start":{"line":143,"column":6},"end":{"line":143,"column":38}},"55":{"start":{"line":144,"column":6},"end":{"line":144,"column":37}},"56":{"start":{"line":146,"column":6},"end":{"line":155,"column":9}},"57":{"start":{"line":157,"column":6},"end":{"line":157,"column":65}},"58":{"start":{"line":158,"column":6},"end":{"line":158,"column":40}},"59":{"start":{"line":160,"column":6},"end":{"line":169,"column":9}},"60":{"start":{"line":171,"column":6},"end":{"line":171,"column":40}},"61":{"start":{"line":175,"column":2},"end":{"line":244,"column":4}}},"fnMap":{"0":{"name":"(anonymous_0)","decl":{"start":{"line":16,"column":28},"end":{"line":16,"column":29}},"loc":{"start":{"line":16,"column":34},"end":{"line":245,"column":1}},"line":16},"1":{"name":"(anonymous_1)","decl":{"start":{"line":22,"column":4},"end":{"line":22,"column":5}},"loc":{"start":{"line":22,"column":26},"end":{"line":22,"column":56}},"line":22},"2":{"name":"(anonymous_2)","decl":{"start":{"line":25,"column":32},"end":{"line":25,"column":33}},"loc":{"start":{"line":25,"column":54},"end":{"line":25,"column":73}},"line":25},"3":{"name":"(anonymous_3)","decl":{"start":{"line":26,"column":42},"end":{"line":26,"column":43}},"loc":{"start":{"line":26,"column":64},"end":{"line":26,"column":77}},"line":26},"4":{"name":"(anonymous_4)","decl":{"start":{"line":28,"column":29},"end":{"line":28,"column":30}},"loc":{"start":{"line":28,"column":41},"end":{"line":62,"column":3}},"line":28},"5":{"name":"(anonymous_5)","decl":{"start":{"line":38,"column":50},"end":{"line":38,"column":51}},"loc":{"start":{"line":38,"column":60},"end":{"line":40,"column":9}},"line":38},"6":{"name":"(anonymous_6)","decl":{"start":{"line":42,"column":60},"end":{"line":42,"column":61}},"loc":{"start":{"line":42,"column":70},"end":{"line":44,"column":9}},"line":42},"7":{"name":"(anonymous_7)","decl":{"start":{"line":64,"column":12},"end":{"line":64,"column":13}},"loc":{"start":{"line":64,"column":18},"end":{"line":68,"column":3}},"line":64},"8":{"name":"(anonymous_8)","decl":{"start":{"line":70,"column":12},"end":{"line":70,"column":13}},"loc":{"start":{"line":70,"column":18},"end":{"line":111,"column":3}},"line":70},"9":{"name":"(anonymous_9)","decl":{"start":{"line":71,"column":31},"end":{"line":71,"column":32}},"loc":{"start":{"line":71,"column":61},"end":{"line":100,"column":5}},"line":71},"10":{"name":"(anonymous_10)","decl":{"start":{"line":83,"column":16},"end":{"line":83,"column":17}},"loc":{"start":{"line":83,"column":22},"end":{"line":86,"column":11}},"line":83},"11":{"name":"(anonymous_11)","decl":{"start":{"line":87,"column":20},"end":{"line":87,"column":21}},"loc":{"start":{"line":87,"column":26},"end":{"line":97,"column":11}},"line":87},"12":{"name":"(anonymous_12)","decl":{"start":{"line":108,"column":11},"end":{"line":108,"column":12}},"loc":{"start":{"line":108,"column":17},"end":{"line":110,"column":5}},"line":108},"13":{"name":"(anonymous_13)","decl":{"start":{"line":113,"column":44},"end":{"line":113,"column":45}},"loc":{"start":{"line":113,"column":56},"end":{"line":173,"column":3}},"line":113}},"branchMap":{"0":{"loc":{"start":{"line":32,"column":6},"end":{"line":47,"column":7}},"type":"if","locations":[{"start":{"line":32,"column":6},"end":{"line":47,"column":7}},{"start":{},"end":{}}],"line":32},"1":{"loc":{"start":{"line":33,"column":8},"end":{"line":34,"column":62}},"type":"binary-expr","locations":[{"start":{"line":33,"column":8},"end":{"line":33,"column":52}},{"start":{"line":34,"column":8},"end":{"line":34,"column":62}}],"line":33},"2":{"loc":{"start":{"line":65,"column":4},"end":{"line":67,"column":5}},"type":"if","locations":[{"start":{"line":65,"column":4},"end":{"line":67,"column":5}},{"start":{},"end":{}}],"line":65},"3":{"loc":{"start":{"line":65,"column":8},"end":{"line":65,"column":59}},"type":"binary-expr","locations":[{"start":{"line":65,"column":8},"end":{"line":65,"column":39}},{"start":{"line":65,"column":43},"end":{"line":65,"column":59}}],"line":65},"4":{"loc":{"start":{"line":72,"column":6},"end":{"line":99,"column":7}},"type":"if","locations":[{"start":{"line":72,"column":6},"end":{"line":99,"column":7}},{"start":{},"end":{}}],"line":72},"5":{"loc":{"start":{"line":102,"column":4},"end":{"line":106,"column":5}},"type":"if","locations":[{"start":{"line":102,"column":4},"end":{"line":106,"column":5}},{"start":{"line":104,"column":11},"end":{"line":106,"column":5}}],"line":102},"6":{"loc":{"start":{"line":213,"column":7},"end":{"line":218,"column":7}},"type":"binary-expr","locations":[{"start":{"line":213,"column":7},"end":{"line":213,"column":23}},{"start":{"line":214,"column":8},"end":{"line":217,"column":10}}],"line":213}},"s":{"0":1,"1":1,"2":1,"3":1,"4":1,"5":2,"6":1,"7":2,"8":1,"9":2,"10":1,"11":0,"12":0,"13":0,"14":0,"15":0,"16":0,"17":0,"18":0,"19":0,"20":0,"21":0,"22":0,"23":0,"24":0,"25":0,"26":1,"27":1,"28":0,"29":1,"30":1,"31":0,"32":0,"33":0,"34":0,"35":0,"36":0,"37":0,"38":1,"39":0,"40":1,"41":1,"42":1,"43":1,"44":0,"45":0,"46":0,"47":0,"48":0,"49":0,"50":0,"51":0,"52":0,"53":0,"54":0,"55":0,"56":0,"57":0,"58":0,"59":0,"60":0,"61":1},"f":{"0":1,"1":2,"2":2,"3":2,"4":0,"5":0,"6":0,"7":1,"8":1,"9":0,"10":0,"11":0,"12":1,"13":0},"b":{"0":[0,0],"1":[0,0],"2":[0,1],"3":[1,0],"4":[0,0],"5":[0,1],"6":[1,0]},"_coverageSchema":"1a1c01bbd47fc00a2c39e90264f33305004495a9","hash":"f7b92427c44f31254c0850c0084ea1eed9a5b72e"}
,"C:\\Projetos\\SME-Boletim-FrontEnd\\src\\componentes\\conteudo\\conteudoTabs\\probabilidade.tsx": {"path":"C:\\Projetos\\SME-Boletim-FrontEnd\\src\\componentes\\conteudo\\conteudoTabs\\probabilidade.tsx","statementMap":{"0":{"start":{"line":25,"column":23},"end":{"line":49,"column":1}},"1":{"start":{"line":51,"column":32},"end":{"line":465,"column":1}},"2":{"start":{"line":52,"column":28},"end":{"line":52,"column":47}},"3":{"start":{"line":53,"column":48},"end":{"line":53,"column":67}},"4":{"start":{"line":54,"column":45},"end":{"line":54,"column":64}},"5":{"start":{"line":56,"column":38},"end":{"line":56,"column":53}},"6":{"start":{"line":57,"column":30},"end":{"line":57,"column":41}},"7":{"start":{"line":58,"column":34},"end":{"line":58,"column":46}},"8":{"start":{"line":59,"column":46},"end":{"line":59,"column":57}},"9":{"start":{"line":60,"column":40},"end":{"line":60,"column":52}},"10":{"start":{"line":61,"column":64},"end":{"line":61,"column":79}},"11":{"start":{"line":62,"column":53},"end":{"line":62,"column":63}},"12":{"start":{"line":63,"column":19},"end":{"line":63,"column":32}},"13":{"start":{"line":64,"column":48},"end":{"line":78,"column":4}},"14":{"start":{"line":80,"column":32},"end":{"line":80,"column":63}},"15":{"start":{"line":82,"column":28},"end":{"line":84,"column":3}},"16":{"start":{"line":83,"column":26},"end":{"line":83,"column":56}},"17":{"start":{"line":86,"column":25},"end":{"line":88,"column":3}},"18":{"start":{"line":87,"column":26},"end":{"line":87,"column":46}},"19":{"start":{"line":89,"column":71},"end":{"line":91,"column":3}},"20":{"start":{"line":94,"column":4},"end":{"line":94,"column":62}},"21":{"start":{"line":96,"column":50},"end":{"line":98,"column":3}},"22":{"start":{"line":100,"column":54},"end":{"line":102,"column":3}},"23":{"start":{"line":104,"column":30},"end":{"line":104,"column":78}},"24":{"start":{"line":104,"column":64},"end":{"line":104,"column":77}},"25":{"start":{"line":105,"column":20},"end":{"line":105,"column":74}},"26":{"start":{"line":105,"column":54},"end":{"line":105,"column":73}},"27":{"start":{"line":107,"column":32},"end":{"line":144,"column":3}},"28":{"start":{"line":108,"column":4},"end":{"line":143,"column":5}},"29":{"start":{"line":109,"column":6},"end":{"line":109,"column":26}},"30":{"start":{"line":111,"column":20},"end":{"line":111,"column":22}},"31":{"start":{"line":112,"column":21},"end":{"line":112,"column":42}},"32":{"start":{"line":113,"column":6},"end":{"line":115,"column":7}},"33":{"start":{"line":114,"column":8},"end":{"line":114,"column":49}},"34":{"start":{"line":116,"column":6},"end":{"line":120,"column":7}},"35":{"start":{"line":117,"column":8},"end":{"line":119,"column":11}},"36":{"start":{"line":118,"column":10},"end":{"line":118,"column":56}},"37":{"start":{"line":121,"column":6},"end":{"line":121,"column":34}},"38":{"start":{"line":124,"column":8},"end":{"line":126,"column":21}},"39":{"start":{"line":125,"column":20},"end":{"line":125,"column":67}},"40":{"start":{"line":129,"column":8},"end":{"line":131,"column":21}},"41":{"start":{"line":130,"column":20},"end":{"line":130,"column":57}},"42":{"start":{"line":133,"column":23},"end":{"line":135,"column":7}},"43":{"start":{"line":137,"column":6},"end":{"line":137,"column":46}},"44":{"start":{"line":138,"column":6},"end":{"line":138,"column":49}},"45":{"start":{"line":140,"column":6},"end":{"line":140,"column":65}},"46":{"start":{"line":142,"column":6},"end":{"line":142,"column":27}},"47":{"start":{"line":146,"column":2},"end":{"line":150,"column":36}},"48":{"start":{"line":147,"column":4},"end":{"line":149,"column":5}},"49":{"start":{"line":148,"column":6},"end":{"line":148,"column":46}},"50":{"start":{"line":152,"column":2},"end":{"line":160,"column":39}},"51":{"start":{"line":153,"column":4},"end":{"line":159,"column":5}},"52":{"start":{"line":154,"column":6},"end":{"line":156,"column":8}},"53":{"start":{"line":158,"column":6},"end":{"line":158,"column":69}},"54":{"start":{"line":162,"column":33},"end":{"line":172,"column":3}},"55":{"start":{"line":167,"column":4},"end":{"line":171,"column":6}},"56":{"start":{"line":168,"column":6},"end":{"line":170,"column":7}},"57":{"start":{"line":169,"column":8},"end":{"line":169,"column":57}},"58":{"start":{"line":174,"column":2},"end":{"line":191,"column":39}},"59":{"start":{"line":175,"column":4},"end":{"line":175,"column":55}},"60":{"start":{"line":175,"column":48},"end":{"line":175,"column":55}},"61":{"start":{"line":177,"column":17},"end":{"line":182,"column":5}},"62":{"start":{"line":184,"column":4},"end":{"line":190,"column":7}},"63":{"start":{"line":185,"column":24},"end":{"line":187,"column":7}},"64":{"start":{"line":186,"column":18},"end":{"line":186,"column":38}},"65":{"start":{"line":189,"column":6},"end":{"line":189,"column":58}},"66":{"start":{"line":193,"column":22},"end":{"line":217,"column":3}},"67":{"start":{"line":194,"column":4},"end":{"line":216,"column":5}},"68":{"start":{"line":195,"column":6},"end":{"line":195,"column":38}},"69":{"start":{"line":196,"column":6},"end":{"line":196,"column":40}},"70":{"start":{"line":197,"column":19},"end":{"line":199,"column":7}},"71":{"start":{"line":198,"column":18},"end":{"line":198,"column":38}},"72":{"start":{"line":200,"column":27},"end":{"line":203,"column":7}},"73":{"start":{"line":204,"column":6},"end":{"line":204,"column":41}},"74":{"start":{"line":205,"column":11},"end":{"line":216,"column":5}},"75":{"start":{"line":206,"column":6},"end":{"line":206,"column":27}},"76":{"start":{"line":207,"column":6},"end":{"line":207,"column":29}},"77":{"start":{"line":208,"column":19},"end":{"line":210,"column":7}},"78":{"start":{"line":209,"column":18},"end":{"line":209,"column":38}},"79":{"start":{"line":211,"column":27},"end":{"line":214,"column":7}},"80":{"start":{"line":215,"column":6},"end":{"line":215,"column":41}},"81":{"start":{"line":219,"column":2},"end":{"line":230,"column":5}},"82":{"start":{"line":220,"column":4},"end":{"line":223,"column":5}},"83":{"start":{"line":221,"column":6},"end":{"line":221,"column":19}},"84":{"start":{"line":222,"column":6},"end":{"line":222,"column":35}},"85":{"start":{"line":232,"column":48},"end":{"line":292,"column":3}},"86":{"start":{"line":233,"column":4},"end":{"line":233,"column":37}},"87":{"start":{"line":235,"column":4},"end":{"line":244,"column":7}},"88":{"start":{"line":246,"column":4},"end":{"line":291,"column":5}},"89":{"start":{"line":247,"column":23},"end":{"line":250,"column":7}},"90":{"start":{"line":252,"column":19},"end":{"line":254,"column":8}},"91":{"start":{"line":256,"column":19},"end":{"line":256,"column":46}},"92":{"start":{"line":257,"column":6},"end":{"line":257,"column":44}},"93":{"start":{"line":258,"column":6},"end":{"line":258,"column":93}},"94":{"start":{"line":260,"column":6},"end":{"line":260,"column":38}},"95":{"start":{"line":261,"column":6},"end":{"line":261,"column":19}},"96":{"start":{"line":262,"column":6},"end":{"line":262,"column":38}},"97":{"start":{"line":263,"column":6},"end":{"line":263,"column":37}},"98":{"start":{"line":265,"column":6},"end":{"line":274,"column":9}},"99":{"start":{"line":276,"column":6},"end":{"line":276,"column":65}},"100":{"start":{"line":277,"column":6},"end":{"line":277,"column":40}},"101":{"start":{"line":279,"column":6},"end":{"line":288,"column":9}},"102":{"start":{"line":290,"column":6},"end":{"line":290,"column":40}},"103":{"start":{"line":294,"column":2},"end":{"line":464,"column":4}},"104":{"start":{"line":335,"column":16},"end":{"line":335,"column":48}},"105":{"start":{"line":336,"column":16},"end":{"line":336,"column":50}},"106":{"start":{"line":337,"column":16},"end":{"line":337,"column":62}},"107":{"start":{"line":342,"column":16},"end":{"line":344,"column":32}},"108":{"start":{"line":362,"column":16},"end":{"line":362,"column":37}},"109":{"start":{"line":363,"column":16},"end":{"line":363,"column":39}},"110":{"start":{"line":364,"column":16},"end":{"line":364,"column":52}},"111":{"start":{"line":369,"column":16},"end":{"line":371,"column":32}},"112":{"start":{"line":392,"column":29},"end":{"line":392,"column":59}},"113":{"start":{"line":408,"column":14},"end":{"line":413,"column":52}},"114":{"start":{"line":422,"column":14},"end":{"line":422,"column":57}},"115":{"start":{"line":424,"column":46},"end":{"line":424,"column":66}},"116":{"start":{"line":426,"column":14},"end":{"line":426,"column":30}},"117":{"start":{"line":427,"column":14},"end":{"line":427,"column":35}}},"fnMap":{"0":{"name":"(anonymous_0)","decl":{"start":{"line":51,"column":32},"end":{"line":51,"column":33}},"loc":{"start":{"line":51,"column":38},"end":{"line":465,"column":1}},"line":51},"1":{"name":"(anonymous_1)","decl":{"start":{"line":83,"column":4},"end":{"line":83,"column":5}},"loc":{"start":{"line":83,"column":26},"end":{"line":83,"column":56}},"line":83},"2":{"name":"(anonymous_2)","decl":{"start":{"line":87,"column":4},"end":{"line":87,"column":5}},"loc":{"start":{"line":87,"column":26},"end":{"line":87,"column":46}},"line":87},"3":{"name":"(anonymous_3)","decl":{"start":{"line":104,"column":42},"end":{"line":104,"column":43}},"loc":{"start":{"line":104,"column":64},"end":{"line":104,"column":77}},"line":104},"4":{"name":"(anonymous_4)","decl":{"start":{"line":105,"column":32},"end":{"line":105,"column":33}},"loc":{"start":{"line":105,"column":54},"end":{"line":105,"column":73}},"line":105},"5":{"name":"(anonymous_5)","decl":{"start":{"line":107,"column":32},"end":{"line":107,"column":33}},"loc":{"start":{"line":107,"column":79},"end":{"line":144,"column":3}},"line":107},"6":{"name":"(anonymous_6)","decl":{"start":{"line":117,"column":43},"end":{"line":117,"column":44}},"loc":{"start":{"line":117,"column":53},"end":{"line":119,"column":9}},"line":117},"7":{"name":"(anonymous_7)","decl":{"start":{"line":125,"column":10},"end":{"line":125,"column":11}},"loc":{"start":{"line":125,"column":20},"end":{"line":125,"column":67}},"line":125},"8":{"name":"(anonymous_8)","decl":{"start":{"line":130,"column":10},"end":{"line":130,"column":11}},"loc":{"start":{"line":130,"column":20},"end":{"line":130,"column":57}},"line":130},"9":{"name":"(anonymous_9)","decl":{"start":{"line":146,"column":12},"end":{"line":146,"column":13}},"loc":{"start":{"line":146,"column":18},"end":{"line":150,"column":3}},"line":146},"10":{"name":"(anonymous_10)","decl":{"start":{"line":152,"column":12},"end":{"line":152,"column":13}},"loc":{"start":{"line":152,"column":18},"end":{"line":160,"column":3}},"line":152},"11":{"name":"(anonymous_11)","decl":{"start":{"line":162,"column":33},"end":{"line":162,"column":34}},"loc":{"start":{"line":166,"column":7},"end":{"line":172,"column":3}},"line":166},"12":{"name":"(anonymous_12)","decl":{"start":{"line":167,"column":18},"end":{"line":167,"column":19}},"loc":{"start":{"line":168,"column":6},"end":{"line":170,"column":7}},"line":168},"13":{"name":"(anonymous_13)","decl":{"start":{"line":168,"column":22},"end":{"line":168,"column":23}},"loc":{"start":{"line":169,"column":8},"end":{"line":169,"column":57}},"line":169},"14":{"name":"(anonymous_14)","decl":{"start":{"line":174,"column":12},"end":{"line":174,"column":13}},"loc":{"start":{"line":174,"column":18},"end":{"line":191,"column":3}},"line":174},"15":{"name":"(anonymous_15)","decl":{"start":{"line":184,"column":17},"end":{"line":184,"column":18}},"loc":{"start":{"line":184,"column":37},"end":{"line":190,"column":5}},"line":184},"16":{"name":"(anonymous_16)","decl":{"start":{"line":186,"column":8},"end":{"line":186,"column":9}},"loc":{"start":{"line":186,"column":18},"end":{"line":186,"column":38}},"line":186},"17":{"name":"(anonymous_17)","decl":{"start":{"line":193,"column":22},"end":{"line":193,"column":23}},"loc":{"start":{"line":193,"column":59},"end":{"line":217,"column":3}},"line":193},"18":{"name":"(anonymous_18)","decl":{"start":{"line":198,"column":8},"end":{"line":198,"column":9}},"loc":{"start":{"line":198,"column":18},"end":{"line":198,"column":38}},"line":198},"19":{"name":"(anonymous_19)","decl":{"start":{"line":209,"column":8},"end":{"line":209,"column":9}},"loc":{"start":{"line":209,"column":18},"end":{"line":209,"column":38}},"line":209},"20":{"name":"(anonymous_20)","decl":{"start":{"line":219,"column":12},"end":{"line":219,"column":13}},"loc":{"start":{"line":219,"column":18},"end":{"line":224,"column":3}},"line":219},"21":{"name":"(anonymous_21)","decl":{"start":{"line":232,"column":48},"end":{"line":232,"column":49}},"loc":{"start":{"line":232,"column":60},"end":{"line":292,"column":3}},"line":232},"22":{"name":"(anonymous_22)","decl":{"start":{"line":334,"column":24},"end":{"line":334,"column":25}},"loc":{"start":{"line":334,"column":35},"end":{"line":338,"column":15}},"line":334},"23":{"name":"(anonymous_23)","decl":{"start":{"line":341,"column":58},"end":{"line":341,"column":59}},"loc":{"start":{"line":342,"column":16},"end":{"line":344,"column":32}},"line":342},"24":{"name":"(anonymous_24)","decl":{"start":{"line":361,"column":24},"end":{"line":361,"column":25}},"loc":{"start":{"line":361,"column":35},"end":{"line":365,"column":15}},"line":361},"25":{"name":"(anonymous_25)","decl":{"start":{"line":368,"column":48},"end":{"line":368,"column":49}},"loc":{"start":{"line":369,"column":16},"end":{"line":371,"column":32}},"line":369},"26":{"name":"(anonymous_26)","decl":{"start":{"line":392,"column":22},"end":{"line":392,"column":23}},"loc":{"start":{"line":392,"column":29},"end":{"line":392,"column":59}},"line":392},"27":{"name":"(anonymous_27)","decl":{"start":{"line":407,"column":12},"end":{"line":407,"column":13}},"loc":{"start":{"line":408,"column":14},"end":{"line":413,"column":52}},"line":408},"28":{"name":"(anonymous_28)","decl":{"start":{"line":421,"column":23},"end":{"line":421,"column":24}},"loc":{"start":{"line":422,"column":14},"end":{"line":422,"column":57}},"line":422},"29":{"name":"(anonymous_29)","decl":{"start":{"line":424,"column":30},"end":{"line":424,"column":31}},"loc":{"start":{"line":424,"column":46},"end":{"line":424,"column":66}},"line":424},"30":{"name":"(anonymous_30)","decl":{"start":{"line":425,"column":22},"end":{"line":425,"column":23}},"loc":{"start":{"line":425,"column":41},"end":{"line":428,"column":13}},"line":425}},"branchMap":{"0":{"loc":{"start":{"line":107,"column":39},"end":{"line":107,"column":54}},"type":"default-arg","locations":[{"start":{"line":107,"column":53},"end":{"line":107,"column":54}}],"line":107},"1":{"loc":{"start":{"line":107,"column":56},"end":{"line":107,"column":74}},"type":"default-arg","locations":[{"start":{"line":107,"column":72},"end":{"line":107,"column":74}}],"line":107},"2":{"loc":{"start":{"line":113,"column":6},"end":{"line":115,"column":7}},"type":"if","locations":[{"start":{"line":113,"column":6},"end":{"line":115,"column":7}},{"start":{},"end":{}}],"line":113},"3":{"loc":{"start":{"line":116,"column":6},"end":{"line":120,"column":7}},"type":"if","locations":[{"start":{"line":116,"column":6},"end":{"line":120,"column":7}},{"start":{},"end":{}}],"line":116},"4":{"loc":{"start":{"line":124,"column":8},"end":{"line":126,"column":21}},"type":"binary-expr","locations":[{"start":{"line":124,"column":8},"end":{"line":126,"column":16}},{"start":{"line":126,"column":20},"end":{"line":126,"column":21}}],"line":124},"5":{"loc":{"start":{"line":129,"column":8},"end":{"line":131,"column":21}},"type":"binary-expr","locations":[{"start":{"line":129,"column":8},"end":{"line":131,"column":16}},{"start":{"line":131,"column":20},"end":{"line":131,"column":21}}],"line":129},"6":{"loc":{"start":{"line":147,"column":4},"end":{"line":149,"column":5}},"type":"if","locations":[{"start":{"line":147,"column":4},"end":{"line":149,"column":5}},{"start":{},"end":{}}],"line":147},"7":{"loc":{"start":{"line":147,"column":8},"end":{"line":147,"column":45}},"type":"binary-expr","locations":[{"start":{"line":147,"column":8},"end":{"line":147,"column":25}},{"start":{"line":147,"column":29},"end":{"line":147,"column":45}}],"line":147},"8":{"loc":{"start":{"line":153,"column":4},"end":{"line":159,"column":5}},"type":"if","locations":[{"start":{"line":153,"column":4},"end":{"line":159,"column":5}},{"start":{},"end":{}}],"line":153},"9":{"loc":{"start":{"line":169,"column":8},"end":{"line":169,"column":57}},"type":"cond-expr","locations":[{"start":{"line":169,"column":26},"end":{"line":169,"column":51}},{"start":{"line":169,"column":54},"end":{"line":169,"column":57}}],"line":169},"10":{"loc":{"start":{"line":175,"column":4},"end":{"line":175,"column":55}},"type":"if","locations":[{"start":{"line":175,"column":4},"end":{"line":175,"column":55}},{"start":{},"end":{}}],"line":175},"11":{"loc":{"start":{"line":175,"column":8},"end":{"line":175,"column":46}},"type":"binary-expr","locations":[{"start":{"line":175,"column":8},"end":{"line":175,"column":25}},{"start":{"line":175,"column":29},"end":{"line":175,"column":46}}],"line":175},"12":{"loc":{"start":{"line":194,"column":4},"end":{"line":216,"column":5}},"type":"if","locations":[{"start":{"line":194,"column":4},"end":{"line":216,"column":5}},{"start":{"line":205,"column":11},"end":{"line":216,"column":5}}],"line":194},"13":{"loc":{"start":{"line":205,"column":11},"end":{"line":216,"column":5}},"type":"if","locations":[{"start":{"line":205,"column":11},"end":{"line":216,"column":5}},{"start":{},"end":{}}],"line":205},"14":{"loc":{"start":{"line":220,"column":4},"end":{"line":223,"column":5}},"type":"if","locations":[{"start":{"line":220,"column":4},"end":{"line":223,"column":5}},{"start":{},"end":{}}],"line":220},"15":{"loc":{"start":{"line":220,"column":8},"end":{"line":220,"column":68}},"type":"binary-expr","locations":[{"start":{"line":220,"column":8},"end":{"line":220,"column":25}},{"start":{"line":220,"column":29},"end":{"line":220,"column":45}},{"start":{"line":220,"column":49},"end":{"line":220,"column":68}}],"line":220},"16":{"loc":{"start":{"line":408,"column":14},"end":{"line":413,"column":52}},"type":"binary-expr","locations":[{"start":{"line":408,"column":14},"end":{"line":410,"column":52}},{"start":{"line":411,"column":14},"end":{"line":413,"column":52}}],"line":408}},"s":{"0":1,"1":1,"2":10,"3":9,"4":9,"5":9,"6":9,"7":9,"8":9,"9":9,"10":9,"11":9,"12":9,"13":9,"14":9,"15":9,"16":9,"17":9,"18":9,"19":9,"20":9,"21":9,"22":9,"23":9,"24":9,"25":9,"26":9,"27":9,"28":7,"29":7,"30":7,"31":7,"32":7,"33":1,"34":7,"35":0,"36":0,"37":7,"38":7,"39":7,"40":7,"41":7,"42":7,"43":7,"44":7,"45":0,"46":7,"47":9,"48":3,"49":3,"50":9,"51":3,"52":3,"53":3,"54":9,"55":12,"56":12,"57":84,"58":9,"59":3,"60":0,"61":3,"62":3,"63":12,"64":0,"65":12,"66":9,"67":0,"68":0,"69":0,"70":0,"71":0,"72":0,"73":0,"74":0,"75":0,"76":0,"77":0,"78":0,"79":0,"80":0,"81":9,"82":4,"83":4,"84":4,"85":9,"86":0,"87":0,"88":0,"89":0,"90":0,"91":0,"92":0,"93":0,"94":0,"95":0,"96":0,"97":0,"98":0,"99":0,"100":0,"101":0,"102":0,"103":9,"104":0,"105":0,"106":0,"107":18,"108":0,"109":0,"110":0,"111":18,"112":1,"113":0,"114":0,"115":0,"116":0,"117":0},"f":{"0":10,"1":9,"2":9,"3":9,"4":9,"5":7,"6":0,"7":7,"8":7,"9":3,"10":3,"11":12,"12":12,"13":84,"14":3,"15":12,"16":0,"17":0,"18":0,"19":0,"20":4,"21":0,"22":0,"23":18,"24":0,"25":18,"26":1,"27":0,"28":0,"29":0,"30":0},"b":{"0":[0],"1":[0],"2":[1,6],"3":[0,7],"4":[7,0],"5":[7,0],"6":[3,0],"7":[3,3],"8":[3,0],"9":[9,75],"10":[0,3],"11":[3,3],"12":[0,0],"13":[0,0],"14":[4,0],"15":[4,4,4],"16":[0,0]},"_coverageSchema":"1a1c01bbd47fc00a2c39e90264f33305004495a9","hash":"d15ca16898c4a9be22905d947cc8481013089c9a"}
,"C:\\Projetos\\SME-Boletim-FrontEnd\\src\\componentes\\conteudo\\conteudoTabs\\turma.tsx": {"path":"C:\\Projetos\\SME-Boletim-FrontEnd\\src\\componentes\\conteudo\\conteudoTabs\\turma.tsx","statementMap":{"0":{"start":{"line":10,"column":28},"end":{"line":32,"column":1}},"1":{"start":{"line":34,"column":29},"end":{"line":44,"column":1}},"2":{"start":{"line":46,"column":24},"end":{"line":174,"column":1}},"3":{"start":{"line":48,"column":4},"end":{"line":48,"column":40}},"4":{"start":{"line":50,"column":4},"end":{"line":50,"column":41}},"5":{"start":{"line":51,"column":28},"end":{"line":51,"column":47}},"6":{"start":{"line":52,"column":46},"end":{"line":52,"column":61}},"7":{"start":{"line":54,"column":28},"end":{"line":56,"column":3}},"8":{"start":{"line":55,"column":26},"end":{"line":55,"column":56}},"9":{"start":{"line":58,"column":20},"end":{"line":58,"column":74}},"10":{"start":{"line":58,"column":54},"end":{"line":58,"column":73}},"11":{"start":{"line":59,"column":30},"end":{"line":59,"column":78}},"12":{"start":{"line":59,"column":64},"end":{"line":59,"column":77}},"13":{"start":{"line":61,"column":28},"end":{"line":91,"column":3}},"14":{"start":{"line":62,"column":4},"end":{"line":90,"column":5}},"15":{"start":{"line":63,"column":6},"end":{"line":63,"column":30}},"16":{"start":{"line":64,"column":20},"end":{"line":64,"column":22}},"17":{"start":{"line":65,"column":6},"end":{"line":80,"column":7}},"18":{"start":{"line":69,"column":23},"end":{"line":69,"column":44}},"19":{"start":{"line":71,"column":8},"end":{"line":73,"column":11}},"20":{"start":{"line":72,"column":10},"end":{"line":72,"column":54}},"21":{"start":{"line":75,"column":8},"end":{"line":77,"column":11}},"22":{"start":{"line":76,"column":10},"end":{"line":76,"column":74}},"23":{"start":{"line":79,"column":8},"end":{"line":79,"column":42}},"24":{"start":{"line":82,"column":23},"end":{"line":84,"column":7}},"25":{"start":{"line":85,"column":6},"end":{"line":85,"column":38}},"26":{"start":{"line":87,"column":6},"end":{"line":87,"column":65}},"27":{"start":{"line":89,"column":6},"end":{"line":89,"column":31}},"28":{"start":{"line":93,"column":2},"end":{"line":97,"column":58}},"29":{"start":{"line":94,"column":4},"end":{"line":96,"column":5}},"30":{"start":{"line":95,"column":6},"end":{"line":95,"column":26}},"31":{"start":{"line":99,"column":33},"end":{"line":109,"column":3}},"32":{"start":{"line":104,"column":4},"end":{"line":108,"column":6}},"33":{"start":{"line":105,"column":6},"end":{"line":107,"column":7}},"34":{"start":{"line":106,"column":8},"end":{"line":106,"column":57}},"35":{"start":{"line":111,"column":2},"end":{"line":129,"column":39}},"36":{"start":{"line":112,"column":4},"end":{"line":112,"column":34}},"37":{"start":{"line":112,"column":27},"end":{"line":112,"column":34}},"38":{"start":{"line":114,"column":17},"end":{"line":119,"column":5}},"39":{"start":{"line":121,"column":4},"end":{"line":128,"column":7}},"40":{"start":{"line":122,"column":24},"end":{"line":124,"column":7}},"41":{"start":{"line":123,"column":18},"end":{"line":123,"column":38}},"42":{"start":{"line":126,"column":6},"end":{"line":126,"column":64}},"43":{"start":{"line":127,"column":6},"end":{"line":127,"column":64}},"44":{"start":{"line":131,"column":2},"end":{"line":173,"column":4}},"45":{"start":{"line":139,"column":10},"end":{"line":169,"column":16}}},"fnMap":{"0":{"name":"(anonymous_0)","decl":{"start":{"line":46,"column":24},"end":{"line":46,"column":25}},"loc":{"start":{"line":46,"column":30},"end":{"line":174,"column":1}},"line":46},"1":{"name":"(anonymous_1)","decl":{"start":{"line":55,"column":4},"end":{"line":55,"column":5}},"loc":{"start":{"line":55,"column":26},"end":{"line":55,"column":56}},"line":55},"2":{"name":"(anonymous_2)","decl":{"start":{"line":58,"column":32},"end":{"line":58,"column":33}},"loc":{"start":{"line":58,"column":54},"end":{"line":58,"column":73}},"line":58},"3":{"name":"(anonymous_3)","decl":{"start":{"line":59,"column":42},"end":{"line":59,"column":43}},"loc":{"start":{"line":59,"column":64},"end":{"line":59,"column":77}},"line":59},"4":{"name":"(anonymous_4)","decl":{"start":{"line":61,"column":28},"end":{"line":61,"column":29}},"loc":{"start":{"line":61,"column":40},"end":{"line":91,"column":3}},"line":61},"5":{"name":"(anonymous_5)","decl":{"start":{"line":71,"column":50},"end":{"line":71,"column":51}},"loc":{"start":{"line":71,"column":60},"end":{"line":73,"column":9}},"line":71},"6":{"name":"(anonymous_6)","decl":{"start":{"line":75,"column":60},"end":{"line":75,"column":61}},"loc":{"start":{"line":75,"column":70},"end":{"line":77,"column":9}},"line":75},"7":{"name":"(anonymous_7)","decl":{"start":{"line":93,"column":12},"end":{"line":93,"column":13}},"loc":{"start":{"line":93,"column":18},"end":{"line":97,"column":3}},"line":93},"8":{"name":"(anonymous_8)","decl":{"start":{"line":99,"column":33},"end":{"line":99,"column":34}},"loc":{"start":{"line":103,"column":7},"end":{"line":109,"column":3}},"line":103},"9":{"name":"(anonymous_9)","decl":{"start":{"line":104,"column":18},"end":{"line":104,"column":19}},"loc":{"start":{"line":105,"column":6},"end":{"line":107,"column":7}},"line":105},"10":{"name":"(anonymous_10)","decl":{"start":{"line":105,"column":22},"end":{"line":105,"column":23}},"loc":{"start":{"line":106,"column":8},"end":{"line":106,"column":57}},"line":106},"11":{"name":"(anonymous_11)","decl":{"start":{"line":111,"column":12},"end":{"line":111,"column":13}},"loc":{"start":{"line":111,"column":18},"end":{"line":129,"column":3}},"line":111},"12":{"name":"(anonymous_12)","decl":{"start":{"line":121,"column":17},"end":{"line":121,"column":18}},"loc":{"start":{"line":121,"column":37},"end":{"line":128,"column":5}},"line":121},"13":{"name":"(anonymous_13)","decl":{"start":{"line":123,"column":8},"end":{"line":123,"column":9}},"loc":{"start":{"line":123,"column":18},"end":{"line":123,"column":38}},"line":123},"14":{"name":"(anonymous_14)","decl":{"start":{"line":138,"column":19},"end":{"line":138,"column":20}},"loc":{"start":{"line":139,"column":10},"end":{"line":169,"column":16}},"line":139}},"branchMap":{"0":{"loc":{"start":{"line":65,"column":6},"end":{"line":80,"column":7}},"type":"if","locations":[{"start":{"line":65,"column":6},"end":{"line":80,"column":7}},{"start":{},"end":{}}],"line":65},"1":{"loc":{"start":{"line":66,"column":8},"end":{"line":67,"column":62}},"type":"binary-expr","locations":[{"start":{"line":66,"column":8},"end":{"line":66,"column":52}},{"start":{"line":67,"column":8},"end":{"line":67,"column":62}}],"line":66},"2":{"loc":{"start":{"line":85,"column":15},"end":{"line":85,"column":36}},"type":"binary-expr","locations":[{"start":{"line":85,"column":15},"end":{"line":85,"column":30}},{"start":{"line":85,"column":34},"end":{"line":85,"column":36}}],"line":85},"3":{"loc":{"start":{"line":94,"column":4},"end":{"line":96,"column":5}},"type":"if","locations":[{"start":{"line":94,"column":4},"end":{"line":96,"column":5}},{"start":{},"end":{}}],"line":94},"4":{"loc":{"start":{"line":94,"column":8},"end":{"line":94,"column":45}},"type":"binary-expr","locations":[{"start":{"line":94,"column":8},"end":{"line":94,"column":25}},{"start":{"line":94,"column":29},"end":{"line":94,"column":45}}],"line":94},"5":{"loc":{"start":{"line":106,"column":8},"end":{"line":106,"column":57}},"type":"cond-expr","locations":[{"start":{"line":106,"column":26},"end":{"line":106,"column":51}},{"start":{"line":106,"column":54},"end":{"line":106,"column":57}}],"line":106},"6":{"loc":{"start":{"line":112,"column":4},"end":{"line":112,"column":34}},"type":"if","locations":[{"start":{"line":112,"column":4},"end":{"line":112,"column":34}},{"start":{},"end":{}}],"line":112}},"s":{"0":1,"1":1,"2":1,"3":3,"4":3,"5":3,"6":3,"7":3,"8":3,"9":3,"10":3,"11":3,"12":3,"13":3,"14":1,"15":1,"16":1,"17":1,"18":0,"19":0,"20":0,"21":0,"22":0,"23":0,"24":1,"25":1,"26":0,"27":1,"28":3,"29":1,"30":1,"31":3,"32":8,"33":8,"34":48,"35":3,"36":1,"37":0,"38":1,"39":1,"40":4,"41":0,"42":4,"43":4,"44":3,"45":1},"f":{"0":3,"1":3,"2":3,"3":3,"4":1,"5":0,"6":0,"7":1,"8":8,"9":8,"10":48,"11":1,"12":4,"13":0,"14":1},"b":{"0":[0,1],"1":[1,1],"2":[1,0],"3":[1,0],"4":[1,1],"5":[8,40],"6":[0,1]},"_coverageSchema":"1a1c01bbd47fc00a2c39e90264f33305004495a9","hash":"1017a66d47af388de07d16b4a274a5d34b48dea8"}
,"C:\\Projetos\\SME-Boletim-FrontEnd\\src\\componentes\\conteudo\\tabela\\tabela.tsx": {"path":"C:\\Projetos\\SME-Boletim-FrontEnd\\src\\componentes\\conteudo\\tabela\\tabela.tsx","statementMap":{"0":{"start":{"line":21,"column":46},"end":{"line":59,"column":1}},"1":{"start":{"line":67,"column":38},"end":{"line":202,"column":1}},"2":{"start":{"line":68,"column":32},"end":{"line":68,"column":79}},"3":{"start":{"line":69,"column":44},"end":{"line":69,"column":73}},"4":{"start":{"line":71,"column":20},"end":{"line":71,"column":74}},"5":{"start":{"line":71,"column":54},"end":{"line":71,"column":73}},"6":{"start":{"line":72,"column":30},"end":{"line":72,"column":78}},"7":{"start":{"line":72,"column":64},"end":{"line":72,"column":77}},"8":{"start":{"line":74,"column":22},"end":{"line":77,"column":3}},"9":{"start":{"line":75,"column":4},"end":{"line":75,"column":26}},"10":{"start":{"line":76,"column":4},"end":{"line":76,"column":42}},"11":{"start":{"line":79,"column":17},"end":{"line":94,"column":3}},"12":{"start":{"line":80,"column":4},"end":{"line":80,"column":23}},"13":{"start":{"line":81,"column":4},"end":{"line":81,"column":62}},"14":{"start":{"line":81,"column":55},"end":{"line":81,"column":62}},"15":{"start":{"line":83,"column":21},"end":{"line":83,"column":33}},"16":{"start":{"line":84,"column":25},"end":{"line":84,"column":79}},"17":{"start":{"line":84,"column":53},"end":{"line":84,"column":78}},"18":{"start":{"line":85,"column":24},"end":{"line":85,"column":74}},"19":{"start":{"line":85,"column":52},"end":{"line":85,"column":73}},"20":{"start":{"line":87,"column":4},"end":{"line":91,"column":5}},"21":{"start":{"line":88,"column":24},"end":{"line":88,"column":56}},"22":{"start":{"line":89,"column":6},"end":{"line":89,"column":47}},"23":{"start":{"line":90,"column":6},"end":{"line":90,"column":27}},"24":{"start":{"line":93,"column":4},"end":{"line":93,"column":27}},"25":{"start":{"line":96,"column":33},"end":{"line":102,"column":3}},"26":{"start":{"line":97,"column":4},"end":{"line":101,"column":6}},"27":{"start":{"line":98,"column":6},"end":{"line":100,"column":7}},"28":{"start":{"line":99,"column":8},"end":{"line":99,"column":63}},"29":{"start":{"line":104,"column":34},"end":{"line":110,"column":3}},"30":{"start":{"line":105,"column":4},"end":{"line":109,"column":6}},"31":{"start":{"line":106,"column":6},"end":{"line":108,"column":7}},"32":{"start":{"line":107,"column":8},"end":{"line":107,"column":57}},"33":{"start":{"line":112,"column":2},"end":{"line":165,"column":39}},"34":{"start":{"line":113,"column":4},"end":{"line":164,"column":5}},"35":{"start":{"line":114,"column":6},"end":{"line":163,"column":9}},"36":{"start":{"line":115,"column":8},"end":{"line":162,"column":52}},"37":{"start":{"line":117,"column":64},"end":{"line":117,"column":79}},"38":{"start":{"line":119,"column":10},"end":{"line":119,"column":57}},"39":{"start":{"line":120,"column":13},"end":{"line":162,"column":52}},"40":{"start":{"line":123,"column":22},"end":{"line":123,"column":37}},"41":{"start":{"line":126,"column":10},"end":{"line":126,"column":56}},"42":{"start":{"line":127,"column":13},"end":{"line":162,"column":52}},"43":{"start":{"line":129,"column":64},"end":{"line":129,"column":79}},"44":{"start":{"line":131,"column":10},"end":{"line":131,"column":51}},"45":{"start":{"line":132,"column":13},"end":{"line":162,"column":52}},"46":{"start":{"line":135,"column":22},"end":{"line":135,"column":37}},"47":{"start":{"line":138,"column":10},"end":{"line":138,"column":50}},"48":{"start":{"line":139,"column":13},"end":{"line":162,"column":52}},"49":{"start":{"line":141,"column":64},"end":{"line":141,"column":79}},"50":{"start":{"line":143,"column":10},"end":{"line":143,"column":53}},"51":{"start":{"line":144,"column":13},"end":{"line":162,"column":52}},"52":{"start":{"line":147,"column":22},"end":{"line":147,"column":37}},"53":{"start":{"line":150,"column":10},"end":{"line":150,"column":52}},"54":{"start":{"line":151,"column":13},"end":{"line":162,"column":52}},"55":{"start":{"line":153,"column":64},"end":{"line":153,"column":79}},"56":{"start":{"line":155,"column":10},"end":{"line":155,"column":53}},"57":{"start":{"line":156,"column":13},"end":{"line":162,"column":52}},"58":{"start":{"line":159,"column":22},"end":{"line":159,"column":37}},"59":{"start":{"line":162,"column":10},"end":{"line":162,"column":52}},"60":{"start":{"line":167,"column":26},"end":{"line":188,"column":3}},"61":{"start":{"line":168,"column":33},"end":{"line":187,"column":5}},"62":{"start":{"line":173,"column":30},"end":{"line":173,"column":63}},"63":{"start":{"line":174,"column":25},"end":{"line":174,"column":53}},"64":{"start":{"line":175,"column":29},"end":{"line":175,"column":47}},"65":{"start":{"line":181,"column":28},"end":{"line":181,"column":69}},"66":{"start":{"line":190,"column":2},"end":{"line":201,"column":4}},"67":{"start":{"line":193,"column":41},"end":{"line":193,"column":52}}},"fnMap":{"0":{"name":"(anonymous_0)","decl":{"start":{"line":67,"column":38},"end":{"line":67,"column":39}},"loc":{"start":{"line":67,"column":77},"end":{"line":202,"column":1}},"line":67},"1":{"name":"(anonymous_1)","decl":{"start":{"line":71,"column":32},"end":{"line":71,"column":33}},"loc":{"start":{"line":71,"column":54},"end":{"line":71,"column":73}},"line":71},"2":{"name":"(anonymous_2)","decl":{"start":{"line":72,"column":42},"end":{"line":72,"column":43}},"loc":{"start":{"line":72,"column":64},"end":{"line":72,"column":77}},"line":72},"3":{"name":"(anonymous_3)","decl":{"start":{"line":74,"column":22},"end":{"line":74,"column":23}},"loc":{"start":{"line":74,"column":59},"end":{"line":77,"column":3}},"line":74},"4":{"name":"(anonymous_4)","decl":{"start":{"line":79,"column":17},"end":{"line":79,"column":18}},"loc":{"start":{"line":79,"column":60},"end":{"line":94,"column":3}},"line":79},"5":{"name":"(anonymous_5)","decl":{"start":{"line":84,"column":44},"end":{"line":84,"column":45}},"loc":{"start":{"line":84,"column":53},"end":{"line":84,"column":78}},"line":84},"6":{"name":"(anonymous_6)","decl":{"start":{"line":85,"column":43},"end":{"line":85,"column":44}},"loc":{"start":{"line":85,"column":52},"end":{"line":85,"column":73}},"line":85},"7":{"name":"(anonymous_7)","decl":{"start":{"line":96,"column":33},"end":{"line":96,"column":34}},"loc":{"start":{"line":96,"column":50},"end":{"line":102,"column":3}},"line":96},"8":{"name":"(anonymous_8)","decl":{"start":{"line":97,"column":15},"end":{"line":97,"column":16}},"loc":{"start":{"line":98,"column":6},"end":{"line":100,"column":7}},"line":98},"9":{"name":"(anonymous_9)","decl":{"start":{"line":98,"column":22},"end":{"line":98,"column":23}},"loc":{"start":{"line":99,"column":8},"end":{"line":99,"column":63}},"line":99},"10":{"name":"(anonymous_10)","decl":{"start":{"line":104,"column":34},"end":{"line":104,"column":35}},"loc":{"start":{"line":104,"column":67},"end":{"line":110,"column":3}},"line":104},"11":{"name":"(anonymous_11)","decl":{"start":{"line":105,"column":15},"end":{"line":105,"column":16}},"loc":{"start":{"line":106,"column":6},"end":{"line":108,"column":7}},"line":106},"12":{"name":"(anonymous_12)","decl":{"start":{"line":106,"column":22},"end":{"line":106,"column":23}},"loc":{"start":{"line":107,"column":8},"end":{"line":107,"column":57}},"line":107},"13":{"name":"(anonymous_13)","decl":{"start":{"line":112,"column":12},"end":{"line":112,"column":13}},"loc":{"start":{"line":112,"column":18},"end":{"line":165,"column":3}},"line":112},"14":{"name":"(anonymous_14)","decl":{"start":{"line":114,"column":18},"end":{"line":114,"column":19}},"loc":{"start":{"line":114,"column":28},"end":{"line":163,"column":7}},"line":114},"15":{"name":"(anonymous_15)","decl":{"start":{"line":117,"column":54},"end":{"line":117,"column":55}},"loc":{"start":{"line":117,"column":64},"end":{"line":117,"column":79}},"line":117},"16":{"name":"(anonymous_16)","decl":{"start":{"line":123,"column":12},"end":{"line":123,"column":13}},"loc":{"start":{"line":123,"column":22},"end":{"line":123,"column":37}},"line":123},"17":{"name":"(anonymous_17)","decl":{"start":{"line":129,"column":54},"end":{"line":129,"column":55}},"loc":{"start":{"line":129,"column":64},"end":{"line":129,"column":79}},"line":129},"18":{"name":"(anonymous_18)","decl":{"start":{"line":135,"column":12},"end":{"line":135,"column":13}},"loc":{"start":{"line":135,"column":22},"end":{"line":135,"column":37}},"line":135},"19":{"name":"(anonymous_19)","decl":{"start":{"line":141,"column":54},"end":{"line":141,"column":55}},"loc":{"start":{"line":141,"column":64},"end":{"line":141,"column":79}},"line":141},"20":{"name":"(anonymous_20)","decl":{"start":{"line":147,"column":12},"end":{"line":147,"column":13}},"loc":{"start":{"line":147,"column":22},"end":{"line":147,"column":37}},"line":147},"21":{"name":"(anonymous_21)","decl":{"start":{"line":153,"column":54},"end":{"line":153,"column":55}},"loc":{"start":{"line":153,"column":64},"end":{"line":153,"column":79}},"line":153},"22":{"name":"(anonymous_22)","decl":{"start":{"line":159,"column":12},"end":{"line":159,"column":13}},"loc":{"start":{"line":159,"column":22},"end":{"line":159,"column":37}},"line":159},"23":{"name":"(anonymous_23)","decl":{"start":{"line":168,"column":23},"end":{"line":168,"column":24}},"loc":{"start":{"line":168,"column":33},"end":{"line":187,"column":5}},"line":168},"24":{"name":"(anonymous_24)","decl":{"start":{"line":173,"column":23},"end":{"line":173,"column":24}},"loc":{"start":{"line":173,"column":30},"end":{"line":173,"column":63}},"line":173},"25":{"name":"(anonymous_25)","decl":{"start":{"line":174,"column":18},"end":{"line":174,"column":19}},"loc":{"start":{"line":174,"column":25},"end":{"line":174,"column":53}},"line":174},"26":{"name":"(anonymous_26)","decl":{"start":{"line":175,"column":22},"end":{"line":175,"column":23}},"loc":{"start":{"line":175,"column":29},"end":{"line":175,"column":47}},"line":175},"27":{"name":"(anonymous_27)","decl":{"start":{"line":181,"column":22},"end":{"line":181,"column":23}},"loc":{"start":{"line":181,"column":28},"end":{"line":181,"column":69}},"line":181},"28":{"name":"(anonymous_28)","decl":{"start":{"line":193,"column":32},"end":{"line":193,"column":33}},"loc":{"start":{"line":193,"column":41},"end":{"line":193,"column":52}},"line":193}},"branchMap":{"0":{"loc":{"start":{"line":81,"column":4},"end":{"line":81,"column":62}},"type":"if","locations":[{"start":{"line":81,"column":4},"end":{"line":81,"column":62}},{"start":{},"end":{}}],"line":81},"1":{"loc":{"start":{"line":81,"column":8},"end":{"line":81,"column":53}},"type":"binary-expr","locations":[{"start":{"line":81,"column":8},"end":{"line":81,"column":22}},{"start":{"line":81,"column":26},"end":{"line":81,"column":53}}],"line":81},"2":{"loc":{"start":{"line":87,"column":4},"end":{"line":91,"column":5}},"type":"if","locations":[{"start":{"line":87,"column":4},"end":{"line":91,"column":5}},{"start":{},"end":{}}],"line":87},"3":{"loc":{"start":{"line":87,"column":8},"end":{"line":87,"column":49}},"type":"binary-expr","locations":[{"start":{"line":87,"column":8},"end":{"line":87,"column":27}},{"start":{"line":87,"column":31},"end":{"line":87,"column":49}}],"line":87},"4":{"loc":{"start":{"line":99,"column":8},"end":{"line":99,"column":63}},"type":"cond-expr","locations":[{"start":{"line":99,"column":26},"end":{"line":99,"column":57}},{"start":{"line":99,"column":60},"end":{"line":99,"column":63}}],"line":99},"5":{"loc":{"start":{"line":107,"column":8},"end":{"line":107,"column":57}},"type":"cond-expr","locations":[{"start":{"line":107,"column":26},"end":{"line":107,"column":51}},{"start":{"line":107,"column":54},"end":{"line":107,"column":57}}],"line":107},"6":{"loc":{"start":{"line":113,"column":4},"end":{"line":164,"column":5}},"type":"if","locations":[{"start":{"line":113,"column":4},"end":{"line":164,"column":5}},{"start":{},"end":{}}],"line":113},"7":{"loc":{"start":{"line":115,"column":8},"end":{"line":162,"column":52}},"type":"if","locations":[{"start":{"line":115,"column":8},"end":{"line":162,"column":52}},{"start":{"line":120,"column":13},"end":{"line":162,"column":52}}],"line":115},"8":{"loc":{"start":{"line":116,"column":10},"end":{"line":117,"column":80}},"type":"binary-expr","locations":[{"start":{"line":116,"column":10},"end":{"line":116,"column":37}},{"start":{"line":117,"column":10},"end":{"line":117,"column":80}}],"line":116},"9":{"loc":{"start":{"line":120,"column":13},"end":{"line":162,"column":52}},"type":"if","locations":[{"start":{"line":120,"column":13},"end":{"line":162,"column":52}},{"start":{"line":127,"column":13},"end":{"line":162,"column":52}}],"line":120},"10":{"loc":{"start":{"line":121,"column":10},"end":{"line":124,"column":11}},"type":"binary-expr","locations":[{"start":{"line":121,"column":10},"end":{"line":121,"column":37}},{"start":{"line":122,"column":10},"end":{"line":124,"column":11}}],"line":121},"11":{"loc":{"start":{"line":127,"column":13},"end":{"line":162,"column":52}},"type":"if","locations":[{"start":{"line":127,"column":13},"end":{"line":162,"column":52}},{"start":{"line":132,"column":13},"end":{"line":162,"column":52}}],"line":127},"12":{"loc":{"start":{"line":128,"column":10},"end":{"line":129,"column":80}},"type":"binary-expr","locations":[{"start":{"line":128,"column":10},"end":{"line":128,"column":31}},{"start":{"line":129,"column":10},"end":{"line":129,"column":80}}],"line":128},"13":{"loc":{"start":{"line":132,"column":13},"end":{"line":162,"column":52}},"type":"if","locations":[{"start":{"line":132,"column":13},"end":{"line":162,"column":52}},{"start":{"line":139,"column":13},"end":{"line":162,"column":52}}],"line":132},"14":{"loc":{"start":{"line":133,"column":10},"end":{"line":136,"column":11}},"type":"binary-expr","locations":[{"start":{"line":133,"column":10},"end":{"line":133,"column":31}},{"start":{"line":134,"column":10},"end":{"line":136,"column":11}}],"line":133},"15":{"loc":{"start":{"line":139,"column":13},"end":{"line":162,"column":52}},"type":"if","locations":[{"start":{"line":139,"column":13},"end":{"line":162,"column":52}},{"start":{"line":144,"column":13},"end":{"line":162,"column":52}}],"line":139},"16":{"loc":{"start":{"line":140,"column":10},"end":{"line":141,"column":80}},"type":"binary-expr","locations":[{"start":{"line":140,"column":10},"end":{"line":140,"column":33}},{"start":{"line":141,"column":10},"end":{"line":141,"column":80}}],"line":140},"17":{"loc":{"start":{"line":144,"column":13},"end":{"line":162,"column":52}},"type":"if","locations":[{"start":{"line":144,"column":13},"end":{"line":162,"column":52}},{"start":{"line":151,"column":13},"end":{"line":162,"column":52}}],"line":144},"18":{"loc":{"start":{"line":145,"column":10},"end":{"line":148,"column":11}},"type":"binary-expr","locations":[{"start":{"line":145,"column":10},"end":{"line":145,"column":33}},{"start":{"line":146,"column":10},"end":{"line":148,"column":11}}],"line":145},"19":{"loc":{"start":{"line":151,"column":13},"end":{"line":162,"column":52}},"type":"if","locations":[{"start":{"line":151,"column":13},"end":{"line":162,"column":52}},{"start":{"line":156,"column":13},"end":{"line":162,"column":52}}],"line":151},"20":{"loc":{"start":{"line":152,"column":10},"end":{"line":153,"column":80}},"type":"binary-expr","locations":[{"start":{"line":152,"column":10},"end":{"line":152,"column":33}},{"start":{"line":153,"column":10},"end":{"line":153,"column":80}}],"line":152},"21":{"loc":{"start":{"line":156,"column":13},"end":{"line":162,"column":52}},"type":"if","locations":[{"start":{"line":156,"column":13},"end":{"line":162,"column":52}},{"start":{},"end":{}}],"line":156},"22":{"loc":{"start":{"line":157,"column":10},"end":{"line":160,"column":11}},"type":"binary-expr","locations":[{"start":{"line":157,"column":10},"end":{"line":157,"column":33}},{"start":{"line":158,"column":10},"end":{"line":160,"column":11}}],"line":157}},"s":{"0":2,"1":2,"2":8,"3":8,"4":8,"5":9,"6":8,"7":9,"8":8,"9":0,"10":0,"11":8,"12":0,"13":0,"14":0,"15":0,"16":0,"17":0,"18":0,"19":0,"20":0,"21":0,"22":0,"23":0,"24":0,"25":8,"26":0,"27":0,"28":0,"29":8,"30":16,"31":16,"32":112,"33":8,"34":4,"35":4,"36":28,"37":4,"38":4,"39":24,"40":0,"41":0,"42":24,"43":8,"44":4,"45":20,"46":0,"47":0,"48":20,"49":12,"50":4,"51":16,"52":0,"53":0,"54":16,"55":16,"56":4,"57":12,"58":0,"59":0,"60":8,"61":56,"62":0,"63":0,"64":0,"65":0,"66":8,"67":56},"f":{"0":8,"1":9,"2":9,"3":0,"4":0,"5":0,"6":0,"7":0,"8":0,"9":0,"10":16,"11":16,"12":112,"13":4,"14":28,"15":4,"16":0,"17":8,"18":0,"19":12,"20":0,"21":16,"22":0,"23":56,"24":0,"25":0,"26":0,"27":0,"28":56},"b":{"0":[0,0],"1":[0,0],"2":[0,0],"3":[0,0],"4":[0,0],"5":[16,96],"6":[4,0],"7":[4,24],"8":[28,4],"9":[0,24],"10":[24,0],"11":[4,20],"12":[24,4],"13":[0,20],"14":[20,0],"15":[4,16],"16":[20,4],"17":[0,16],"18":[16,0],"19":[4,12],"20":[16,4],"21":[0,12],"22":[12,0]},"_coverageSchema":"1a1c01bbd47fc00a2c39e90264f33305004495a9","hash":"f0f0c19945daa67b32ba22a4db84393761ea0374"}
,"C:\\Projetos\\SME-Boletim-FrontEnd\\src\\componentes\\escolherEscola\\escolherEscola.tsx": {"path":"C:\\Projetos\\SME-Boletim-FrontEnd\\src\\componentes\\escolherEscola\\escolherEscola.tsx","statementMap":{"0":{"start":{"line":14,"column":23},"end":{"line":228,"column":1}},"1":{"start":{"line":15,"column":26},"end":{"line":15,"column":50}},"2":{"start":{"line":16,"column":32},"end":{"line":16,"column":55}},"3":{"start":{"line":17,"column":40},"end":{"line":17,"column":59}},"4":{"start":{"line":18,"column":48},"end":{"line":32,"column":4}},"5":{"start":{"line":34,"column":19},"end":{"line":34,"column":32}},"6":{"start":{"line":35,"column":28},"end":{"line":37,"column":3}},"7":{"start":{"line":36,"column":26},"end":{"line":36,"column":56}},"8":{"start":{"line":38,"column":22},"end":{"line":38,"column":77}},"9":{"start":{"line":38,"column":56},"end":{"line":38,"column":76}},"10":{"start":{"line":39,"column":30},"end":{"line":39,"column":78}},"11":{"start":{"line":39,"column":64},"end":{"line":39,"column":77}},"12":{"start":{"line":40,"column":20},"end":{"line":40,"column":74}},"13":{"start":{"line":40,"column":54},"end":{"line":40,"column":73}},"14":{"start":{"line":42,"column":29},"end":{"line":54,"column":3}},"15":{"start":{"line":43,"column":4},"end":{"line":53,"column":5}},"16":{"start":{"line":44,"column":23},"end":{"line":44,"column":65}},"17":{"start":{"line":46,"column":29},"end":{"line":48,"column":7}},"18":{"start":{"line":47,"column":23},"end":{"line":47,"column":58}},"19":{"start":{"line":50,"column":6},"end":{"line":50,"column":37}},"20":{"start":{"line":52,"column":6},"end":{"line":52,"column":54}},"21":{"start":{"line":56,"column":24},"end":{"line":87,"column":3}},"22":{"start":{"line":60,"column":4},"end":{"line":86,"column":5}},"23":{"start":{"line":61,"column":31},"end":{"line":63,"column":7}},"24":{"start":{"line":65,"column":6},"end":{"line":65,"column":52}},"25":{"start":{"line":66,"column":6},"end":{"line":68,"column":9}},"26":{"start":{"line":67,"column":8},"end":{"line":67,"column":54}},"27":{"start":{"line":70,"column":6},"end":{"line":70,"column":66}},"28":{"start":{"line":71,"column":6},"end":{"line":71,"column":66}},"29":{"start":{"line":72,"column":6},"end":{"line":72,"column":57}},"30":{"start":{"line":73,"column":6},"end":{"line":73,"column":57}},"31":{"start":{"line":75,"column":6},"end":{"line":75,"column":71}},"32":{"start":{"line":76,"column":6},"end":{"line":78,"column":8}},"33":{"start":{"line":79,"column":6},"end":{"line":79,"column":42}},"34":{"start":{"line":80,"column":6},"end":{"line":80,"column":44}},"35":{"start":{"line":82,"column":6},"end":{"line":82,"column":41}},"36":{"start":{"line":83,"column":6},"end":{"line":83,"column":38}},"37":{"start":{"line":85,"column":6},"end":{"line":85,"column":66}},"38":{"start":{"line":89,"column":30},"end":{"line":98,"column":3}},"39":{"start":{"line":90,"column":4},"end":{"line":97,"column":5}},"40":{"start":{"line":91,"column":38},"end":{"line":93,"column":7}},"41":{"start":{"line":94,"column":6},"end":{"line":94,"column":43}},"42":{"start":{"line":96,"column":6},"end":{"line":96,"column":56}},"43":{"start":{"line":100,"column":2},"end":{"line":105,"column":26}},"44":{"start":{"line":101,"column":4},"end":{"line":104,"column":5}},"45":{"start":{"line":102,"column":6},"end":{"line":102,"column":28}},"46":{"start":{"line":103,"column":6},"end":{"line":103,"column":39}},"47":{"start":{"line":107,"column":2},"end":{"line":109,"column":9}},"48":{"start":{"line":108,"column":4},"end":{"line":108,"column":25}},"49":{"start":{"line":111,"column":2},"end":{"line":122,"column":49}},"50":{"start":{"line":112,"column":4},"end":{"line":121,"column":5}},"51":{"start":{"line":113,"column":29},"end":{"line":113,"column":43}},"52":{"start":{"line":115,"column":6},"end":{"line":120,"column":8}},"53":{"start":{"line":124,"column":23},"end":{"line":126,"column":3}},"54":{"start":{"line":125,"column":4},"end":{"line":125,"column":73}},"55":{"start":{"line":128,"column":22},"end":{"line":131,"column":3}},"56":{"start":{"line":129,"column":4},"end":{"line":129,"column":18}},"57":{"start":{"line":130,"column":4},"end":{"line":130,"column":22}},"58":{"start":{"line":133,"column":17},"end":{"line":136,"column":5}},"59":{"start":{"line":133,"column":44},"end":{"line":136,"column":3}},"60":{"start":{"line":138,"column":33},"end":{"line":138,"column":34}},"61":{"start":{"line":140,"column":2},"end":{"line":145,"column":3}},"62":{"start":{"line":141,"column":4},"end":{"line":144,"column":57}},"63":{"start":{"line":147,"column":2},"end":{"line":162,"column":3}},"64":{"start":{"line":148,"column":4},"end":{"line":161,"column":13}},"65":{"start":{"line":164,"column":2},"end":{"line":168,"column":3}},"66":{"start":{"line":165,"column":4},"end":{"line":167,"column":40}},"67":{"start":{"line":170,"column":2},"end":{"line":227,"column":4}},"68":{"start":{"line":216,"column":18},"end":{"line":218,"column":50}}},"fnMap":{"0":{"name":"(anonymous_0)","decl":{"start":{"line":14,"column":23},"end":{"line":14,"column":24}},"loc":{"start":{"line":14,"column":29},"end":{"line":228,"column":1}},"line":14},"1":{"name":"(anonymous_1)","decl":{"start":{"line":36,"column":4},"end":{"line":36,"column":5}},"loc":{"start":{"line":36,"column":26},"end":{"line":36,"column":56}},"line":36},"2":{"name":"(anonymous_2)","decl":{"start":{"line":38,"column":34},"end":{"line":38,"column":35}},"loc":{"start":{"line":38,"column":56},"end":{"line":38,"column":76}},"line":38},"3":{"name":"(anonymous_3)","decl":{"start":{"line":39,"column":42},"end":{"line":39,"column":43}},"loc":{"start":{"line":39,"column":64},"end":{"line":39,"column":77}},"line":39},"4":{"name":"(anonymous_4)","decl":{"start":{"line":40,"column":32},"end":{"line":40,"column":33}},"lo
[...]
"decl":{"start":{"line":277,"column":28},"end":{"line":277,"column":29}},"loc":{"start":{"line":278,"column":20},"end":{"line":278,"column":74}},"line":278},"29":{"name":"(anonymous_29)","decl":{"start":{"line":288,"column":55},"end":{"line":288,"column":56}},"loc":{"start":{"line":289,"column":16},"end":{"line":303,"column":24}},"line":289},"30":{"name":"(anonymous_30)","decl":{"start":{"line":292,"column":20},"end":{"line":292,"column":21}},"loc":{"start":{"line":292,"column":30},"end":{"line":292,"column":55}},"line":292},"31":{"name":"(anonymous_31)","decl":{"start":{"line":294,"column":28},"end":{"line":294,"column":29}},"loc":{"start":{"line":295,"column":20},"end":{"line":299,"column":21}},"line":295},"32":{"name":"(anonymous_32)","decl":{"start":{"line":314,"column":38},"end":{"line":314,"column":39}},"loc":{"start":{"line":315,"column":16},"end":{"line":323,"column":27}},"line":315},"33":{"name":"(anonymous_33)","decl":{"start":{"line":318,"column":20},"end":{"line":318,"column":21}},"loc":{"start":{"line":318,"column":30},"end":{"line":318,"column":56}},"line":318},"34":{"name":"(anonymous_34)","decl":{"start":{"line":320,"column":28},"end":{"line":320,"column":29}},"loc":{"start":{"line":320,"column":34},"end":{"line":320,"column":75}},"line":320},"35":{"name":"(anonymous_35)","decl":{"start":{"line":341,"column":28},"end":{"line":341,"column":29}},"loc":{"start":{"line":342,"column":20},"end":{"line":342,"column":69}},"line":342},"36":{"name":"(anonymous_36)","decl":{"start":{"line":345,"column":41},"end":{"line":345,"column":42}},"loc":{"start":{"line":346,"column":20},"end":{"line":348,"column":29}},"line":346},"37":{"name":"(anonymous_37)","decl":{"start":{"line":360,"column":28},"end":{"line":360,"column":29}},"loc":{"start":{"line":361,"column":20},"end":{"line":361,"column":69}},"line":361},"38":{"name":"(anonymous_38)","decl":{"start":{"line":364,"column":41},"end":{"line":364,"column":42}},"loc":{"start":{"line":365,"column":20},"end":{"line":367,"column":29}},"line":365}},"branchMap":{"0":{"loc":{"start":{"line":37,"column":4},"end":{"line":39,"column":5}},"type":"if","locations":[{"start":{"line":37,"column":4},"end":{"line":39,"column":5}},{"start":{},"end":{}}],"line":37},"1":{"loc":{"start":{"line":83,"column":4},"end":{"line":83,"column":37}},"type":"default-arg","locations":[{"start":{"line":83,"column":27},"end":{"line":83,"column":37}}],"line":83},"2":{"loc":{"start":{"line":88,"column":6},"end":{"line":126,"column":7}},"type":"if","locations":[{"start":{"line":88,"column":6},"end":{"line":126,"column":7}},{"start":{"line":114,"column":13},"end":{"line":126,"column":7}}],"line":88},"3":{"loc":{"start":{"line":89,"column":8},"end":{"line":95,"column":53}},"type":"binary-expr","locations":[{"start":{"line":89,"column":8},"end":{"line":89,"column":31}},{"start":{"line":90,"column":8},"end":{"line":90,"column":43}},{"start":{"line":91,"column":8},"end":{"line":91,"column":38}},{"start":{"line":92,"column":8},"end":{"line":92,"column":48}},{"start":{"line":93,"column":8},"end":{"line":93,"column":31}},{"start":{"line":94,"column":8},"end":{"line":94,"column":43}},{"start":{"line":95,"column":8},"end":{"line":95,"column":53}}],"line":89},"4":{"loc":{"start":{"line":100,"column":8},"end":{"line":104,"column":9}},"type":"if","locations":[{"start":{"line":100,"column":8},"end":{"line":104,"column":9}},{"start":{"line":102,"column":15},"end":{"line":104,"column":9}}],"line":100},"5":{"loc":{"start":{"line":106,"column":8},"end":{"line":113,"column":9}},"type":"if","locations":[{"start":{"line":106,"column":8},"end":{"line":113,"column":9}},{"start":{"line":108,"column":15},"end":{"line":113,"column":9}}],"line":106},"6":{"loc":{"start":{"line":110,"column":35},"end":{"line":112,"column":36}},"type":"cond-expr","locations":[{"start":{"line":111,"column":14},"end":{"line":111,"column":63}},{"start":{"line":112,"column":14},"end":{"line":112,"column":36}}],"line":110},"7":{"loc":{"start":{"line":114,"column":13},"end":{"line":126,"column":7}},"type":"if","locations":[{"start":{"line":114,"column":13},"end":{"line":126,"column":7}},{"start":{"line":119,"column":13},"end":{"line":126,"column":7}}],"line":114},"8":{"loc":{"start":{"line":115,"column":8},"end":{"line":116,"column":37}},"type":"binary-expr","locations":[{"start":{"line":115,"column":8},"end":{"line":115,"column":38}},{"start":{"line":116,"column":8},"end":{"line":116,"column":37}}],"line":115},"9":{"loc":{"start":{"line":119,"column":13},"end":{"line":126,"column":7}},"type":"if","locations":[{"start":{"line":119,"column":13},"end":{"line":126,"column":7}},{"start":{},"end":{}}],"line":119},"10":{"loc":{"start":{"line":120,"column":8},"end":{"line":123,"column":45}},"type":"binary-expr","locations":[{"start":{"line":120,"column":8},"end":{"line":120,"column":36}},{"start":{"line":121,"column":8},"end":{"line":121,"column":45}},{"start":{"line":122,"column":8},"end":{"line":122,"column":36}},{"start":{"line":123,"column":8},"end":{"line":123,"column":45}}],"line":120},"11":{"loc":{"start":{"line":152,"column":9},"end":{"line":170,"column":9}},"type":"binary-expr","locations":[{"start":{"line":152,"column":9},"end":{"line":152,"column":25}},{"start":{"line":153,"column":10},"end":{"line":169,"column":13}}],"line":152},"12":{"loc":{"start":{"line":172,"column":9},"end":{"line":193,"column":9}},"type":"binary-expr","locations":[{"start":{"line":172,"column":10},"end":{"line":172,"column":26}},{"start":{"line":172,"column":30},"end":{"line":172,"column":46}},{"start":{"line":172,"column":50},"end":{"line":172,"column":66}},{"start":{"line":173,"column":10},"end":{"line":192,"column":13}}],"line":172},"13":{"loc":{"start":{"line":195,"column":9},"end":{"line":225,"column":9}},"type":"binary-expr","locations":[{"start":{"line":195,"column":9},"end":{"line":195,"column":25}},{"start":{"line":196,"column":10},"end":{"line":224,"column":13}}],"line":195},"14":{"loc":{"start":{"line":227,"column":9},"end":{"line":264,"column":9}},"type":"binary-expr","locations":[{"start":{"line":227,"column":9},"end":{"line":227,"column":25}},{"start":{"line":228,"column":10},"end":{"line":263,"column":13}}],"line":227},"15":{"loc":{"start":{"line":266,"column":9},"end":{"line":307,"column":9}},"type":"binary-expr","locations":[{"start":{"line":266,"column":9},"end":{"line":266,"column":25}},{"start":{"line":267,"column":10},"end":{"line":306,"column":13}}],"line":266},"16":{"loc":{"start":{"line":309,"column":9},"end":{"line":327,"column":9}},"type":"binary-expr","locations":[{"start":{"line":309,"column":9},"end":{"line":309,"column":25}},{"start":{"line":310,"column":10},"end":{"line":326,"column":13}}],"line":309},"17":{"loc":{"start":{"line":329,"column":9},"end":{"line":373,"column":9}},"type":"binary-expr","locations":[{"start":{"line":329,"column":9},"end":{"line":329,"column":25}},{"start":{"line":330,"column":10},"end":{"line":372,"column":13}}],"line":329}},"s":{"0":1,"1":10,"2":16,"3":10,"4":16,"5":10,"6":10,"7":10,"8":6,"9":6,"10":10,"11":10,"12":10,"13":8,"14":8,"15":8,"16":40,"17":8,"18":10,"19":1,"20":10,"21":0,"22":0,"23":10,"24":1,"25":1,"26":1,"27":0,"28":0,"29":0,"30":0,"31":0,"32":0,"33":0,"34":0,"35":0,"36":0,"37":1,"38":1,"39":0,"40":0,"41":1,"42":10,"43":1,"44":0,"45":0,"46":0,"47":6,"48":4,"49":0,"50":1,"51":0,"52":10,"53":0,"54":0,"55":10,"56":0,"57":0,"58":0,"59":0,"60":0,"61":0,"62":0,"63":0,"64":4,"65":0,"66":0,"67":0,"68":20,"69":0,"70":20},"f":{"0":10,"1":16,"2":16,"3":6,"4":8,"5":1,"6":0,"7":1,"8":1,"9":0,"10":0,"11":1,"12":0,"13":0,"14":0,"15":6,"16":4,"17":0,"18":1,"19":0,"20":10,"21":0,"22":0,"23":10,"24":0,"25":0,"26":0,"27":0,"28":0,"29":0,"30":0,"31":0,"32":4,"33":0,"34":0,"35":0,"36":20,"37":0,"38":20},"b":{"0":[6,0],"1":[1],"2":[0,1],"3":[1,1,1,1,1,1,1],"4":[0,0],"5":[0,0],"6":[0,0],"7":[1,0],"8":[1,0],"9":[0,0],"10":[0,0,0,0],"11":[10,0],"12":[10,4,4,6],"13":[10,4],"14":[10,10],"15":[10,0],"16":[10,4],"17":[10,4]},"_coverageSchema":"1a1c01bbd47fc00a2c39e90264f33305004495a9","hash":"4906847764f4a31b6cc7ccbfa75d739d4e1e006f"}
,"C:\\Projetos\\SME-Boletim-FrontEnd\\src\\componentes\\grafico\\desempenhoAno.tsx": {"path":"C:\\Projetos\\SME-Boletim-FrontEnd\\src\\componentes\\grafico\\desempenhoAno.tsx","statementMap":{"0":{"start":{"line":29,"column":45},"end":{"line":149,"column":1}},"1":{"start":{"line":34,"column":31},"end":{"line":34,"column":33}},"2":{"start":{"line":35,"column":2},"end":{"line":60,"column":3}},"3":{"start":{"line":35,"column":15},"end":{"line":35,"column":16}},"4":{"start":{"line":36,"column":17},"end":{"line":36,"column":25}},"5":{"start":{"line":37,"column":4},"end":{"line":59,"column":7}},"6":{"start":{"line":62,"column":2},"end":{"line":148,"column":4}},"7":{"start":{"line":79,"column":36},"end":{"line":79,"column":41}},"8":{"start":{"line":111,"column":20},"end":{"line":111,"column":36}},"9":{"start":{"line":121,"column":20},"end":{"line":121,"column":36}},"10":{"start":{"line":126,"column":20},"end":{"line":126,"column":36}},"11":{"start":{"line":136,"column":20},"end":{"line":136,"column":36}}},"fnMap":{"0":{"name":"(anonymous_0)","decl":{"start":{"line":29,"column":45},"end":{"line":29,"column":46}},"loc":{"start":{"line":32,"column":6},"end":{"line":149,"column":1}},"line":32},"1":{"name":"(anonymous_1)","decl":{"start":{"line":79,"column":25},"end":{"line":79,"column":26}},"loc":{"start":{"line":79,"column":36},"end":{"line":79,"column":41}},"line":79},"2":{"name":"(anonymous_2)","decl":{"start":{"line":111,"column":10},"end":{"line":111,"column":11}},"loc":{"start":{"line":111,"column":20},"end":{"line":111,"column":36}},"line":111},"3":{"name":"(anonymous_3)","decl":{"start":{"line":121,"column":10},"end":{"line":121,"column":11}},"loc":{"start":{"line":121,"column":20},"end":{"line":121,"column":36}},"line":121},"4":{"name":"(anonymous_4)","decl":{"start":{"line":126,"column":10},"end":{"line":126,"column":11}},"loc":{"start":{"line":126,"column":20},"end":{"line":126,"column":36}},"line":126},"5":{"name":"(anonymous_5)","decl":{"start":{"line":136,"column":10},"end":{"line":136,"column":11}},"loc":{"start":{"line":136,"column":20},"end":{"line":136,"column":36}},"line":136}},"branchMap":{"0":{"loc":{"start":{"line":110,"column":9},"end":{"line":119,"column":9}},"type":"binary-expr","locations":[{"start":{"line":110,"column":9},"end":{"line":112,"column":9}},{"start":{"line":113,"column":10},"end":{"line":118,"column":12}}],"line":110},"1":{"loc":{"start":{"line":120,"column":9},"end":{"line":124,"column":9}},"type":"binary-expr","locations":[{"start":{"line":120,"column":9},"end":{"line":122,"column":9}},{"start":{"line":123,"column":10},"end":{"line":123,"column":80}}],"line":120},"2":{"loc":{"start":{"line":125,"column":9},"end":{"line":134,"column":9}},"type":"binary-expr","locations":[{"start":{"line":125,"column":9},"end":{"line":127,"column":9}},{"start":{"line":128,"column":10},"end":{"line":133,"column":12}}],"line":125},"3":{"loc":{"start":{"line":135,"column":9},"end":{"line":144,"column":9}},"type":"binary-expr","locations":[{"start":{"line":135,"column":9},"end":{"line":137,"column":9}},{"start":{"line":138,"column":10},"end":{"line":143,"column":12}}],"line":135}},"s":{"0":2,"1":3,"2":3,"3":3,"4":3,"5":3,"6":3,"7":3,"8":2,"9":4,"10":6,"11":8},"f":{"0":3,"1":3,"2":2,"3":4,"4":6,"5":8},"b":{"0":[3,2],"1":[3,2],"2":[3,2],"3":[3,2]},"_coverageSchema":"1a1c01bbd47fc00a2c39e90264f33305004495a9","hash":"2392284613ed2ef5ec8434246307b8bac158feda"}
,"C:\\Projetos\\SME-Boletim-FrontEnd\\src\\componentes\\grafico\\desempenhoTurma.tsx": {"path":"C:\\Projetos\\SME-Boletim-FrontEnd\\src\\componentes\\grafico\\desempenhoTurma.tsx","statementMap":{"0":{"start":{"line":24,"column":47},"end":{"line":85,"column":1}},"1":{"start":{"line":25,"column":16},"end":{"line":32,"column":3}},"2":{"start":{"line":34,"column":2},"end":{"line":84,"column":4}},"3":{"start":{"line":60,"column":14},"end":{"line":63,"column":16}},"4":{"start":{"line":70,"column":10},"end":{"line":80,"column":16}}},"fnMap":{"0":{"name":"(anonymous_0)","decl":{"start":{"line":24,"column":47},"end":{"line":24,"column":48}},"loc":{"start":{"line":24,"column":62},"end":{"line":85,"column":1}},"line":24},"1":{"name":"(anonymous_1)","decl":{"start":{"line":59,"column":23},"end":{"line":59,"column":24}},"loc":{"start":{"line":60,"column":14},"end":{"line":63,"column":16}},"line":60},"2":{"name":"(anonymous_2)","decl":{"start":{"line":69,"column":19},"end":{"line":69,"column":20}},"loc":{"start":{"line":70,"column":10},"end":{"line":80,"column":16}},"line":70}},"branchMap":{"0":{"loc":{"start":{"line":62,"column":22},"end":{"line":62,"column":69}},"type":"cond-expr","locations":[{"start":{"line":62,"column":45},"end":{"line":62,"column":57}},{"start":{"line":62,"column":60},"end":{"line":62,"column":69}}],"line":62},"1":{"loc":{"start":{"line":71,"column":13},"end":{"line":71,"column":71}},"type":"binary-expr","locations":[{"start":{"line":71,"column":13},"end":{"line":71,"column":24}},{"start":{"line":71,"column":28},"end":{"line":71,"column":71}}],"line":71},"2":{"loc":{"start":{"line":76,"column":18},"end":{"line":76,"column":65}},"type":"cond-expr","locations":[{"start":{"line":76,"column":41},"end":{"line":76,"column":53}},{"start":{"line":76,"column":56},"end":{"line":76,"column":65}}],"line":76}},"s":{"0":2,"1":4,"2":4,"3":10,"4":10},"f":{"0":4,"1":10,"2":10},"b":{"0":[10,0],"1":[10,4],"2":[10,0]},"_coverageSchema":"1a1c01bbd47fc00a2c39e90264f33305004495a9","hash":"086bb01de4f25abe0142be51e37c927b5b9af3f5"}
,"C:\\Projetos\\SME-Boletim-FrontEnd\\src\\componentes\\grafico\\estudantePorMateria.tsx": {"path":"C:\\Projetos\\SME-Boletim-FrontEnd\\src\\componentes\\grafico\\estudantePorMateria.tsx","statementMap":{"0":{"start":{"line":16,"column":52},"end":{"line":62,"column":1}},"1":{"start":{"line":18,"column":15},"end":{"line":18,"column":39}},"2":{"start":{"line":19,"column":14},"end":{"line":19,"column":70}},"3":{"start":{"line":21,"column":4},"end":{"line":21,"column":77}},"4":{"start":{"line":22,"column":2},"end":{"line":22,"column":34}},"5":{"start":{"line":22,"column":21},"end":{"line":22,"column":34}},"6":{"start":{"line":24,"column":2},"end":{"line":61,"column":4}}},"fnMap":{"0":{"name":"(anonymous_0)","decl":{"start":{"line":16,"column":52},"end":{"line":16,"column":53}},"loc":{"start":{"line":16,"column":67},"end":{"line":62,"column":1}},"line":16}},"branchMap":{"0":{"loc":{"start":{"line":19,"column":14},"end":{"line":19,"column":70}},"type":"cond-expr","locations":[{"start":{"line":19,"column":49},"end":{"line":19,"column":58}},{"start":{"line":19,"column":61},"end":{"line":19,"column":70}}],"line":19},"1":{"loc":{"start":{"line":21,"column":4},"end":{"line":21,"column":77}},"type":"cond-expr","locations":[{"start":{"line":21,"column":39},"end":{"line":21,"column":56}},{"start":{"line":21,"column":59},"end":{"line":21,"column":77}}],"line":21},"2":{"loc":{"start":{"line":22,"column":2},"end":{"line":22,"column":34}},"type":"if","locations":[{"start":{"line":22,"column":2},"end":{"line":22,"column":34}},{"start":{},"end":{}}],"line":22}},"s":{"0":1,"1":3,"2":3,"3":3,"4":3,"5":3,"6":3},"f":{"0":3},"b":{"0":[3,0],"1":[3,0],"2":[3,0]},"_coverageSchema":"1a1c01bbd47fc00a2c39e90264f33305004495a9","hash":"e9c2bf4205431208e4c2a57fc1ec19e1184ac977"}
,"C:\\Projetos\\SME-Boletim-FrontEnd\\src\\componentes\\grafico\\conteudo\\legendaCustomizada.tsx": {"path":"C:\\Projetos\\SME-Boletim-FrontEnd\\src\\componentes\\grafico\\conteudo\\legendaCustomizada.tsx","statementMap":{"0":{"start":{"line":4,"column":58},"end":{"line":25,"column":1}},"1":{"start":{"line":5,"column":2},"end":{"line":5,"column":28}},"2":{"start":{"line":5,"column":16},"end":{"line":5,"column":28}},"3":{"start":{"line":6,"column":2},"end":{"line":24,"column":4}},"4":{"start":{"line":14,"column":10},"end":{"line":20,"column":17}}},"fnMap":{"0":{"name":"(anonymous_0)","decl":{"start":{"line":4,"column":58},"end":{"line":4,"column":59}},"loc":{"start":{"line":4,"column":75},"end":{"line":25,"column":1}},"line":4},"1":{"name":"(anonymous_1)","decl":{"start":{"line":13,"column":21},"end":{"line":13,"column":22}},"loc":{"start":{"line":14,"column":10},"end":{"line":20,"column":17}},"line":14}},"branchMap":{"0":{"loc":{"start":{"line":5,"column":2},"end":{"line":5,"column":28}},"type":"if","locations":[{"start":{"line":5,"column":2},"end":{"line":5,"column":28}},{"start":{},"end":{}}],"line":5}},"s":{"0":3,"1":6,"2":1,"3":5,"4":14},"f":{"0":6,"1":14},"b":{"0":[1,5]},"_coverageSchema":"1a1c01bbd47fc00a2c39e90264f33305004495a9","hash":"78c865924f83a3679ee15d8649e89faa7bb9ad2d"}
,"C:\\Projetos\\SME-Boletim-FrontEnd\\src\\componentes\\grafico\\conteudo\\tooltipCustomizada.tsx": {"path":"C:\\Projetos\\SME-Boletim-FrontEnd\\src\\componentes\\grafico\\conteudo\\tooltipCustomizada.tsx","statementMap":{"0":{"start":{"line":10,"column":51},"end":{"line":24,"column":1}},"1":{"start":{"line":11,"column":2},"end":{"line":22,"column":3}},"2":{"start":{"line":12,"column":4},"end":{"line":21,"column":6}},"3":{"start":{"line":16,"column":10},"end":{"line":18,"column":14}},"4":{"start":{"line":23,"column":2},"end":{"line":23,"column":14}}},"fnMap":{"0":{"name":"(anonymous_0)","decl":{"start":{"line":10,"column":51},"end":{"line":10,"column":52}},"loc":{"start":{"line":10,"column":83},"end":{"line":24,"column":1}},"line":10},"1":{"name":"(anonymous_1)","decl":{"start":{"line":15,"column":21},"end":{"line":15,"column":22}},"loc":{"start":{"line":16,"column":10},"end":{"line":18,"column":14}},"line":16}},"branchMap":{"0":{"loc":{"start":{"line":11,"column":2},"end":{"line":22,"column":3}},"type":"if","locations":[{"start":{"line":11,"column":2},"end":{"line":22,"column":3}},{"start":{},"end":{}}],"line":11},"1":{"loc":{"start":{"line":11,"column":6},"end":{"line":11,"column":41}},"type":"binary-expr","locations":[{"start":{"line":11,"column":6},"end":{"line":11,"column":12}},{"start":{"line":11,"column":16},"end":{"line":11,"column":23}},{"start":{"line":11,"column":27},"end":{"line":11,"column":41}}],"line":11}},"s":{"0":3,"1":7,"2":2,"3":4,"4":5},"f":{"0":7,"1":4},"b":{"0":[2,5],"1":[7,3,3]},"_coverageSchema":"1a1c01bbd47fc00a2c39e90264f33305004495a9","hash":"c55ce4bab0752f7146e1427a44c5d220d8412c0e"}
,"C:\\Projetos\\SME-Boletim-FrontEnd\\src\\componentes\\relatorio\\relatorio.tsx": {"path":"C:\\Projetos\\SME-Boletim-FrontEnd\\src\\componentes\\relatorio\\relatorio.tsx","statementMap":{"0":{"start":{"line":10,"column":60},"end":{"line":37,"column":1}},"1":{"start":{"line":14,"column":2},"end":{"line":36,"column":4}}},"fnMap":{"0":{"name":"(anonymous_0)","decl":{"start":{"line":10,"column":60},"end":{"line":10,"column":61}},"loc":{"start":{"line":13,"column":6},"end":{"line":37,"column":1}},"line":13}},"branchMap":{},"s":{"0":1,"1":3},"f":{"0":3},"b":{},"_coverageSchema":"1a1c01bbd47fc00a2c39e90264f33305004495a9","hash":"7286d39365f962146b04dca8ee94320e10d8a025"}
,"C:\\Projetos\\SME-Boletim-FrontEnd\\src\\componentes\\rodape\\rodape.tsx": {"path":"C:\\Projetos\\SME-Boletim-FrontEnd\\src\\componentes\\rodape\\rodape.tsx","statementMap":{"0":{"start":{"line":6,"column":25},"end":{"line":32,"column":1}},"1":{"start":{"line":7,"column":25},"end":{"line":9,"column":3}},"2":{"start":{"line":8,"column":4},"end":{"line":8,"column":52}},"3":{"start":{"line":11,"column":17},"end":{"line":11,"column":22}},"4":{"start":{"line":13,"column":2},"end":{"line":31,"column":4}}},"fnMap":{"0":{"name":"(anonymous_0)","decl":{"start":{"line":6,"column":25},"end":{"line":6,"column":26}},"loc":{"start":{"line":6,"column":31},"end":{"line":32,"column":1}},"line":6},"1":{"name":"(anonymous_1)","decl":{"start":{"line":7,"column":25},"end":{"line":7,"column":26}},"loc":{"start":{"line":7,"column":31},"end":{"line":9,"column":3}},"line":7}},"branchMap":{},"s":{"0":1,"1":4,"2":1,"3":4,"4":4},"f":{"0":4,"1":1},"b":{},"_coverageSchema":"1a1c01bbd47fc00a2c39e90264f33305004495a9","hash":"c0ba1d14fff719c6926d22d15b974324d31a1007"}
}
