{"C:\\Projetos\\SME-Boletim-FrontEnd\\src\\App.tsx": {"path":"C:\\Projetos\\SME-Boletim-FrontEnd\\src\\App.tsx","statementMap":{"0":{"start":{"line":20,"column":28},"end":{"line":28,"column":1}},"1":{"start":{"line":21,"column":2},"end":{"line":27,"column":4}},"2":{"start":{"line":30,"column":61},"end":{"line":35,"column":1}},"3":{"start":{"line":31,"column":26},"end":{"line":33,"column":3}},"4":{"start":{"line":32,"column":26},"end":{"line":32,"column":52}},"5":{"start":{"line":34,"column":2},"end":{"line":34,"column":74}},"6":{"start":{"line":37,"column":22},"end":{"line":54,"column":1}},"7":{"start":{"line":38,"column":2},"end":{"line":53,"column":4}}},"fnMap":{"0":{"name":"(anonymous_0)","decl":{"start":{"line":20,"column":28},"end":{"line":20,"column":29}},"loc":{"start":{"line":20,"column":34},"end":{"line":28,"column":1}},"line":20},"1":{"name":"(anonymous_1)","decl":{"start":{"line":30,"column":61},"end":{"line":30,"column":62}},"loc":{"start":{"line":30,"column":78},"end":{"line":35,"column":1}},"line":30},"2":{"name":"(anonymous_2)","decl":{"start":{"line":32,"column":4},"end":{"line":32,"column":5}},"loc":{"start":{"line":32,"column":26},"end":{"line":32,"column":52}},"line":32},"3":{"name":"(anonymous_3)","decl":{"start":{"line":37,"column":22},"end":{"line":37,"column":23}},"loc":{"start":{"line":37,"column":28},"end":{"line":54,"column":1}},"line":37}},"branchMap":{"0":{"loc":{"start":{"line":34,"column":9},"end":{"line":34,"column":73}},"type":"cond-expr","locations":[{"start":{"line":34,"column":27},"end":{"line":34,"column":41}},{"start":{"line":34,"column":44},"end":{"line":34,"column":73}}],"line":34}},"s":{"0":0,"1":0,"2":0,"3":0,"4":0,"5":0,"6":0,"7":0},"f":{"0":0,"1":0,"2":0,"3":0},"b":{"0":[0,0]}}
,"C:\\Projetos\\SME-Boletim-FrontEnd\\src\\main.tsx": {"path":"C:\\Projetos\\SME-Boletim-FrontEnd\\src\\main.tsx","statementMap":{"0":{"start":{"line":6,"column":0},"end":{"line":10,"column":2}}},"fnMap":{},"branchMap":{},"s":{"0":0},"f":{},"b":{}}
,"C:\\Projetos\\SME-Boletim-FrontEnd\\src\\vite-env.d.ts": {"path":"C:\\Projetos\\SME-Boletim-FrontEnd\\src\\vite-env.d.ts","statementMap":{},"fnMap":{},"branchMap":{},"s":{},"f":{},"b":{}}
,"C:\\Projetos\\SME-Boletim-FrontEnd\\src\\componentes\\cabecalho\\cabecalho.tsx": {"path":"C:\\Projetos\\SME-Boletim-FrontEnd\\src\\componentes\\cabecalho\\cabecalho.tsx","statementMap":{"0":{"start":{"line":6,"column":19},"end":{"line":6,"column":25}},"1":{"start":{"line":8,"column":28},"end":{"line":30,"column":1}},"2":{"start":{"line":9,"column":2},"end":{"line":29,"column":4}}},"fnMap":{"0":{"name":"(anonymous_0)","decl":{"start":{"line":8,"column":28},"end":{"line":8,"column":29}},"loc":{"start":{"line":8,"column":34},"end":{"line":30,"column":1}},"line":8}},"branchMap":{},"s":{"0":0,"1":0,"2":0},"f":{"0":0},"b":{}}
,"C:\\Projetos\\SME-Boletim-FrontEnd\\src\\componentes\\conteudo\\conteudo.tsx": {"path":"C:\\Projetos\\SME-Boletim-FrontEnd\\src\\componentes\\conteudo\\conteudo.tsx","statementMap":{"0":{"start":{"line":8,"column":27},"end":{"line":33,"column":1}},"1":{"start":{"line":9,"column":2},"end":{"line":32,"column":4}}},"fnMap":{"0":{"name":"(anonymous_0)","decl":{"start":{"line":8,"column":27},"end":{"line":8,"column":28}},"loc":{"start":{"line":8,"column":33},"end":{"line":33,"column":1}},"line":8}},"branchMap":{},"s":{"0":0,"1":0},"f":{"0":0},"b":{}}
,"C:\\Projetos\\SME-Boletim-FrontEnd\\src\\componentes\\conteudo\\conteudoTabs\\estudantes.tsx": {"path":"C:\\Projetos\\SME-Boletim-FrontEnd\\src\\componentes\\conteudo\\conteudoTabs\\estudantes.tsx","statementMap":{"0":{"start":{"line":3,"column":29},"end":{"line":5,"column":1}},"1":{"start":{"line":4,"column":2},"end":{"line":4,"column":47}}},"fnMap":{"0":{"name":"(anonymous_0)","decl":{"start":{"line":3,"column":29},"end":{"line":3,"column":30}},"loc":{"start":{"line":3,"column":35},"end":{"line":5,"column":1}},"line":3}},"branchMap":{},"s":{"0":0,"1":0},"f":{"0":0},"b":{}}
,"C:\\Projetos\\SME-Boletim-FrontEnd\\src\\componentes\\conteudo\\conteudoTabs\\principal.tsx": {"path":"C:\\Projetos\\SME-Boletim-FrontEnd\\src\\componentes\\conteudo\\conteudoTabs\\principal.tsx","statementMap":{"0":{"start":{"line":7,"column":28},"end":{"line":44,"column":1}},"1":{"start":{"line":8,"column":2},"end":{"line":43,"column":4}}},"fnMap":{"0":{"name":"(anonymous_0)","decl":{"start":{"line":7,"column":28},"end":{"line":7,"column":29}},"loc":{"start":{"line":7,"column":34},"end":{"line":44,"column":1}},"line":7}},"branchMap":{},"s":{"0":0,"1":0},"f":{"0":0},"b":{}}
,"C:\\Projetos\\SME-Boletim-FrontEnd\\src\\componentes\\conteudo\\conteudoTabs\\probabilidade.tsx": {"path":"C:\\Projetos\\SME-Boletim-FrontEnd\\src\\componentes\\conteudo\\conteudoTabs\\probabilidade.tsx","statementMap":{"0":{"start":{"line":3,"column":32},"end":{"line":5,"column":1}},"1":{"start":{"line":4,"column":2},"end":{"line":4,"column":60}}},"fnMap":{"0":{"name":"(anonymous_0)","decl":{"start":{"line":3,"column":32},"end":{"line":3,"column":33}},"loc":{"start":{"line":3,"column":38},"end":{"line":5,"column":1}},"line":3}},"branchMap":{},"s":{"0":0,"1":0},"f":{"0":0},"b":{}}
,"C:\\Projetos\\SME-Boletim-FrontEnd\\src\\componentes\\conteudo\\conteudoTabs\\turma.tsx": {"path":"C:\\Projetos\\SME-Boletim-FrontEnd\\src\\componentes\\conteudo\\conteudoTabs\\turma.tsx","statementMap":{"0":{"start":{"line":3,"column":24},"end":{"line":5,"column":1}},"1":{"start":{"line":4,"column":2},"end":{"line":4,"column":42}}},"fnMap":{"0":{"name":"(anonymous_0)","decl":{"start":{"line":3,"column":24},"end":{"line":3,"column":25}},"loc":{"start":{"line":3,"column":30},"end":{"line":5,"column":1}},"line":3}},"branchMap":{},"s":{"0":0,"1":0},"f":{"0":0},"b":{}}
,"C:\\Projetos\\SME-Boletim-FrontEnd\\src\\componentes\\conteudo\\tabela\\tabela.tsx": {"path":"C:\\Projetos\\SME-Boletim-FrontEnd\\src\\componentes\\conteudo\\tabela\\tabela.tsx","statementMap":{"0":{"start":{"line":17,"column":39},"end":{"line":55,"column":1}},"1":{"start":{"line":57,"column":25},"end":{"line":98,"column":1}},"2":{"start":{"line":100,"column":25},"end":{"line":106,"column":1}},"3":{"start":{"line":101,"column":2},"end":{"line":105,"column":4}}},"fnMap":{"0":{"name":"(anonymous_0)","decl":{"start":{"line":100,"column":25},"end":{"line":100,"column":26}},"loc":{"start":{"line":100,"column":31},"end":{"line":106,"column":1}},"line":100}},"branchMap":{},"s":{"0":0,"1":0,"2":0,"3":0},"f":{"0":0},"b":{}}
,"C:\\Projetos\\SME-Boletim-FrontEnd\\src\\componentes\\escolherEscola\\escolherEscola.tsx": {"path":"C:\\Projetos\\SME-Boletim-FrontEnd\\src\\componentes\\escolherEscola\\escolherEscola.tsx","statementMap":{"0":{"start":{"line":19,"column":23},"end":{"line":143,"column":1}},"1":{"start":{"line":20,"column":26},"end":{"line":20,"column":56}},"2":{"start":{"line":21,"column":32},"end":{"line":21,"column":61}},"3":{"start":{"line":23,"column":19},"end":{"line":23,"column":32}},"4":{"start":{"line":24,"column":28},"end":{"line":26,"column":3}},"5":{"start":{"line":25,"column":26},"end":{"line":25,"column":56}},"6":{"start":{"line":28,"column":23},"end":{"line":30,"column":3}},"7":{"start":{"line":29,"column":4},"end":{"line":29,"column":38}},"8":{"start":{"line":32,"column":22},"end":{"line":35,"column":3}},"9":{"start":{"line":33,"column":4},"end":{"line":33,"column":18}},"10":{"start":{"line":34,"column":4},"end":{"line":34,"column":22}},"11":{"start":{"line":37,"column":2},"end":{"line":142,"column":4}},"12":{"start":{"line":80,"column":23},"end":{"line":80,"column":37}},"13":{"start":{"line":127,"column":18},"end":{"line":129,"column":50}}},"fnMap":{"0":{"name":"(anonymous_0)","decl":{"start":{"line":19,"column":23},"end":{"line":19,"column":24}},"loc":{"start":{"line":19,"column":29},"end":{"line":143,"column":1}},"line":19},"1":{"name":"(anonymous_1)","decl":{"start":{"line":25,"column":4},"end":{"line":25,"column":5}},"loc":{"start":{"line":25,"column":26},"end":{"line":25,"column":56}},"line":25},"2":{"name":"(anonymous_2)","decl":{"start":{"line":28,"column":23},"end":{"line":28,"column":24}},"loc":{"start":{"line":28,"column":42},"end":{"line":30,"column":3}},"line":28},"3":{"name":"(anonymous_3)","decl":{"start":{"line":32,"column":22},"end":{"line":32,"column":23}},"loc":{"start":{"line":32,"column":28},"end":{"line":35,"column":3}},"line":32},"4":{"name":"(anonymous_4)","decl":{"start":{"line":80,"column":17},"end":{"line":80,"column":18}},"loc":{"start":{"line":80,"column":23},"end":{"line":80,"column":37}},"line":80},"5":{"name":"(anonymous_5)","decl":{"start":{"line":126,"column":30},"end":{"line":126,"column":31}},"loc":{"start":{"line":127,"column":18},"end":{"line":129,"column":50}},"line":127}},"branchMap":{"0":{"loc":{"start":{"line":127,"column":19},"end":{"line":127,"column":38}},"type":"binary-expr","locations":[{"start":{"line":127,"column":19},"end":{"line":127,"column":32}},{"start":{"line":127,"column":36},"end":{"line":127,"column":38}}],"line":127}},"s":{"0":1,"1":1,"2":1,"3":1,"4":1,"5":2,"6":1,"7":0,"8":1,"9":0,"10":0,"11":1,"12":0,"13":0},"f":{"0":1,"1":2,"2":0,"3":0,"4":0,"5":0},"b":{"0":[0,0]},"_coverageSchema":"1a1c01bbd47fc00a2c39e90264f33305004495a9","hash":"907d9ea0d64446fd664d855caef7f288e7339f24"}
,"C:\\Projetos\\SME-Boletim-FrontEnd\\src\\componentes\\grafico\\desempenhoAno.tsx": {"path":"C:\\Projetos\\SME-Boletim-FrontEnd\\src\\componentes\\grafico\\desempenhoAno.tsx","statementMap":{"0":{"start":{"line":30,"column":32},"end":{"line":86,"column":1}},"1":{"start":{"line":32,"column":19},"end":{"line":32,"column":32}},"2":{"start":{"line":33,"column":15},"end":{"line":33,"column":71}},"3":{"start":{"line":33,"column":49},"end":{"line":33,"column":70}},"4":{"start":{"line":35,"column":2},"end":{"line":47,"column":17}},"5":{"start":{"line":36,"column":22},"end":{"line":44,"column":5}},"6":{"start":{"line":37,"column":35},"end":{"line":42,"column":7}},"7":{"start":{"line":43,"column":6},"end":{"line":43,"column":43}},"8":{"start":{"line":46,"column":4},"end":{"line":46,"column":16}},"9":{"start":{"line":50,"column":2},"end":{"line":85,"column":4}},"10":{"start":{"line":64,"column":101},"end":{"line":64,"column":106}}},"fnMap":{"0":{"name":"(anonymous_0)","decl":{"start":{"line":30,"column":32},"end":{"line":30,"column":33}},"loc":{"start":{"line":30,"column":38},"end":{"line":86,"column":1}},"line":30},"1":{"name":"(anonymous_1)","decl":{"start":{"line":33,"column":27},"end":{"line":33,"column":28}},"loc":{"start":{"line":33,"column":49},"end":{"line":33,"column":70}},"line":33},"2":{"name":"(anonymous_2)","decl":{"start":{"line":35,"column":12},"end":{"line":35,"column":13}},"loc":{"start":{"line":35,"column":18},"end":{"line":47,"column":3}},"line":35},"3":{"name":"(anonymous_3)","decl":{"start":{"line":36,"column":22},"end":{"line":36,"column":23}},"loc":{"start":{"line":36,"column":34},"end":{"line":44,"column":5}},"line":36},"4":{"name":"(anonymous_4)","decl":{"start":{"line":64,"column":90},"end":{"line":64,"column":91}},"loc":{"start":{"line":64,"column":101},"end":{"line":64,"column":106}},"line":64}},"branchMap":{},"s":{"0":0,"1":0,"2":0,"3":0,"4":0,"5":0,"6":0,"7":0,"8":0,"9":0,"10":0},"f":{"0":0,"1":0,"2":0,"3":0,"4":0},"b":{}}
,"C:\\Projetos\\SME-Boletim-FrontEnd\\src\\componentes\\grafico\\conteudo\\legendaCustomizada.tsx": {"path":"C:\\Projetos\\SME-Boletim-FrontEnd\\src\\componentes\\grafico\\conteudo\\legendaCustomizada.tsx","statementMap":{"0":{"start":{"line":4,"column":58},"end":{"line":22,"column":3}},"1":{"start":{"line":5,"column":4},"end":{"line":5,"column":30}},"2":{"start":{"line":5,"column":18},"end":{"line":5,"column":30}},"3":{"start":{"line":6,"column":4},"end":{"line":21,"column":6}},"4":{"start":{"line":14,"column":12},"end":{"line":17,"column":19}}},"fnMap":{"0":{"name":"(anonymous_0)","decl":{"start":{"line":4,"column":58},"end":{"line":4,"column":59}},"loc":{"start":{"line":4,"column":75},"end":{"line":22,"column":3}},"line":4},"1":{"name":"(anonymous_1)","decl":{"start":{"line":13,"column":23},"end":{"line":13,"column":24}},"loc":{"start":{"line":14,"column":12},"end":{"line":17,"column":19}},"line":14}},"branchMap":{"0":{"loc":{"start":{"line":5,"column":4},"end":{"line":5,"column":30}},"type":"if","locations":[{"start":{"line":5,"column":4},"end":{"line":5,"column":30}},{"start":{},"end":{}}],"line":5}},"s":{"0":0,"1":0,"2":0,"3":0,"4":0},"f":{"0":0,"1":0},"b":{"0":[0,0]}}
,"C:\\Projetos\\SME-Boletim-FrontEnd\\src\\componentes\\grafico\\conteudo\\tooltipCustomizada.tsx": {"path":"C:\\Projetos\\SME-Boletim-FrontEnd\\src\\componentes\\grafico\\conteudo\\tooltipCustomizada.tsx","statementMap":{"0":{"start":{"line":10,"column":51},"end":{"line":24,"column":1}},"1":{"start":{"line":11,"column":2},"end":{"line":22,"column":3}},"2":{"start":{"line":12,"column":4},"end":{"line":21,"column":6}},"3":{"start":{"line":16,"column":10},"end":{"line":18,"column":14}},"4":{"start":{"line":23,"column":2},"end":{"line":23,"column":14}}},"fnMap":{"0":{"name":"(anonymous_0)","decl":{"start":{"line":10,"column":51},"end":{"line":10,"column":52}},"loc":{"start":{"line":10,"column":83},"end":{"line":24,"column":1}},"line":10},"1":{"name":"(anonymous_1)","decl":{"start":{"line":15,"column":21},"end":{"line":15,"column":22}},"loc":{"start":{"line":16,"column":10},"end":{"line":18,"column":14}},"line":16}},"branchMap":{"0":{"loc":{"start":{"line":11,"column":2},"end":{"line":22,"column":3}},"type":"if","locations":[{"start":{"line":11,"column":2},"end":{"line":22,"column":3}},{"start":{},"end":{}}],"line":11},"1":{"loc":{"start":{"line":11,"column":6},"end":{"line":11,"column":41}},"type":"binary-expr","locations":[{"start":{"line":11,"column":6},"end":{"line":11,"column":12}},{"start":{"line":11,"column":16},"end":{"line":11,"column":23}},{"start":{"line":11,"column":27},"end":{"line":11,"column":41}}],"line":11}},"s":{"0":0,"1":0,"2":0,"3":0,"4":0},"f":{"0":0,"1":0},"b":{"0":[0,0],"1":[0,0,0]}}
,"C:\\Projetos\\SME-Boletim-FrontEnd\\src\\pages\\auth.tsx": {"path":"C:\\Projetos\\SME-Boletim-FrontEnd\\src\\pages\\auth.tsx","statementMap":{"0":{"start":{"line":6,"column":23},"end":{"line":24,"column":1}},"1":{"start":{"line":7,"column":19},"end":{"line":7,"column":32}},"2":{"start":{"line":8,"column":19},"end":{"line":8,"column":32}},"3":{"start":{"line":9,"column":25},"end":{"line":9,"column":42}},"4":{"start":{"line":10,"column":17},"end":{"line":10,"column":43}},"5":{"start":{"line":12,"column":2},"end":{"line":21,"column":35}},"6":{"start":{"line":13,"column":4},"end":{"line":20,"column":5}},"7":{"start":{"line":14,"column":6},"end":{"line":14,"column":61}},"8":{"start":{"line":16,"column":6},"end":{"line":16,"column":36}},"9":{"start":{"line":17,"column":6},"end":{"line":17,"column":20}},"10":{"start":{"line":19,"column":6},"end":{"line":19,"column":30}},"11":{"start":{"line":23,"column":2},"end":{"line":23,"column":36}}},"fnMap":{"0":{"name":"(anonymous_0)","decl":{"start":{"line":6,"column":23},"end":{"line":6,"column":24}},"loc":{"start":{"line":6,"column":29},"end":{"line":24,"column":1}},"line":6},"1":{"name":"(anonymous_1)","decl":{"start":{"line":12,"column":12},"end":{"line":12,"column":13}},"loc":{"start":{"line":12,"column":18},"end":{"line":21,"column":3}},"line":12}},"branchMap":{"0":{"loc":{"start":{"line":13,"column":4},"end":{"line":20,"column":5}},"type":"if","locations":[{"start":{"line":13,"column":4},"end":{"line":20,"column":5}},{"start":{"line":18,"column":11},"end":{"line":20,"column":5}}],"line":13}},"s":{"0":0,"1":0,"2":0,"3":0,"4":0,"5":0,"6":0,"7":0,"8":0,"9":0,"10":0,"11":0},"f":{"0":0,"1":0},"b":{"0":[0,0]}}
,"C:\\Projetos\\SME-Boletim-FrontEnd\\src\\pages\\semAcesso.tsx": {"path":"C:\\Projetos\\SME-Boletim-FrontEnd\\src\\pages\\semAcesso.tsx","statementMap":{"0":{"start":{"line":4,"column":28},"end":{"line":29,"column":1}},"1":{"start":{"line":5,"column":2},"end":{"line":28,"column":4}},"2":{"start":{"line":31,"column":55},"end":{"line":69,"column":1}}},"fnMap":{"0":{"name":"(anonymous_0)","decl":{"start":{"line":4,"column":28},"end":{"line":4,"column":29}},"loc":{"start":{"line":4,"column":34},"end":{"line":29,"column":1}},"line":4}},"branchMap":{},"s":{"0":0,"1":0,"2":0},"f":{"0":0},"b":{}}
,"C:\\Projetos\\SME-Boletim-FrontEnd\\src\\redux\\store.tsx": {"path":"C:\\Projetos\\SME-Boletim-FrontEnd\\src\\redux\\store.tsx","statementMap":{"0":{"start":{"line":6,"column":21},"end":{"line":12,"column":2}}},"fnMap":{},"branchMap":{},"s":{"0":0},"f":{},"b":{}}
,"C:\\Projetos\\SME-Boletim-FrontEnd\\src\\redux\\slices\\authSlice.tsx": {"path":"C:\\Projetos\\SME-Boletim-FrontEnd\\src\\redux\\slices\\authSlice.tsx","statementMap":{"0":{"start":{"line":3,"column":21},"end":{"line":5,"column":1}},"1":{"start":{"line":7,"column":18},"end":{"line":15,"column":2}},"2":{"start":{"line":12,"column":6},"end":{"line":12,"column":45}},"3":{"start":{"line":17,"column":33},"end":{"line":17,"column":50}}},"fnMap":{"0":{"name":"(anonymous_0)","decl":{"start":{"line":11,"column":19},"end":{"line":11,"column":20}},"loc":{"start":{"line":11,"column":38},"end":{"line":13,"column":5}},"line":11}},"branchMap":{},"s":{"0":0,"1":0,"2":0,"3":0},"f":{"0":0},"b":{}}
,"C:\\Projetos\\SME-Boletim-FrontEnd\\src\\redux\\slices\\desempenhoSlice.tsx": {"path":"C:\\Projetos\\SME-Boletim-FrontEnd\\src\\redux\\slices\\desempenhoSlice.tsx","statementMap":{"0":{"start":{"line":15,"column":38},"end":{"line":17,"column":1}},"1":{"start":{"line":19,"column":24},"end":{"line":27,"column":2}},"2":{"start":{"line":24,"column":6},"end":{"line":24,"column":34}},"3":{"start":{"line":30,"column":37},"end":{"line":30,"column":60}}},"fnMap":{"0":{"name":"(anonymous_0)","decl":{"start":{"line":23,"column":23},"end":{"line":23,"column":24}},"loc":{"start":{"line":23,"column":70},"end":{"line":25,"column":5}},"line":23}},"branchMap":{},"s":{"0":0,"1":0,"2":0,"3":0},"f":{"0":0},"b":{}}
,"C:\\Projetos\\SME-Boletim-FrontEnd\\src\\redux\\slices\\escolaSlice.tsx": {"path":"C:\\Projetos\\SME-Boletim-FrontEnd\\src\\redux\\slices\\escolaSlice.tsx","statementMap":{"0":{"start":{"line":7,"column":34},"end":{"line":9,"column":1}},"1":{"start":{"line":11,"column":20},"end":{"line":19,"column":2}},"2":{"start":{"line":16,"column":6},"end":{"line":16,"column":47}},"3":{"start":{"line":21,"column":36},"end":{"line":21,"column":55}}},"fnMap":{"0":{"name":"(anonymous_0)","decl":{"start":{"line":15,"column":22},"end":{"line":15,"column":23}},"loc":{"start":{"line":15,"column":64},"end":{"line":17,"column":5}},"line":15}},"branchMap":{},"s":{"0":1,"1":1,"2":0,"3":1},"f":{"0":0},"b":{},"_coverageSchema":"1a1c01bbd47fc00a2c39e90264f33305004495a9","hash":"140517a3e03d0178a63f603dd3e8382b8e578cd5"}
}
