TN:
SF:src\servicos.tsx
FN:13,(anonymous_1)
FN:20,(anonymous_2)
FN:24,(anonymous_3)
FN:25,(anonymous_4)
FN:32,(anonymous_5)
FN:37,(anonymous_6)
FN:42,(anonymous_7)
FN:47,(anonymous_8)
FNF:8
FNH:0
FNDA:0,(anonymous_1)
FNDA:0,(anonymous_2)
FNDA:0,(anonymous_3)
FNDA:0,(anonymous_4)
FNDA:0,(anonymous_5)
FNDA:0,(anonymous_6)
FNDA:0,(anonymous_7)
FNDA:0,(anonymous_8)
DA:1,1
DA:3,1
DA:5,1
DA:12,1
DA:14,0
DA:15,0
DA:16,0
DA:18,0
DA:20,0
DA:23,1
DA:24,0
DA:26,0
DA:27,0
DA:31,1
DA:33,0
DA:34,0
DA:38,0
DA:39,0
DA:43,0
DA:44,0
DA:48,0
DA:49,0
DA:53,1
LF:23
LH:7
BRDA:3,0,0,1
BRDA:3,0,1,1
BRDA:15,1,0,0
BRDA:26,2,0,0
BRDA:26,2,1,0
BRDA:32,3,0,0
BRF:6
BRH:2
end_of_record
TN:
SF:src\pages\compararDados.tsx
FN:27,(anonymous_1)
FN:62,(anonymous_2)
FN:67,(anonymous_3)
FN:81,(anonymous_4)
FN:90,(anonymous_5)
FN:102,(anonymous_6)
FN:111,(anonymous_7)
FN:123,(anonymous_8)
FN:140,(anonymous_9)
FN:144,(anonymous_10)
FN:149,(anonymous_11)
FN:154,(anonymous_12)
FN:169,(anonymous_13)
FN:188,(anonymous_14)
FN:197,(anonymous_15)
FN:208,(anonymous_16)
FN:216,(anonymous_17)
FN:240,(anonymous_18)
FN:334,(anonymous_19)
FN:336,(anonymous_20)
FN:341,(anonymous_21)
FN:358,(anonymous_22)
FN:361,(anonymous_23)
FN:367,(anonymous_24)
FN:381,(anonymous_25)
FN:383,(anonymous_26)
FN:388,(anonymous_27)
FN:423,(anonymous_28)
FNF:28
FNH:8
FNDA:6,(anonymous_1)
FNDA:0,(anonymous_2)
FNDA:0,(anonymous_3)
FNDA:0,(anonymous_4)
FNDA:0,(anonymous_5)
FNDA:0,(anonymous_6)
FNDA:0,(anonymous_7)
FNDA:6,(anonymous_8)
FNDA:6,(anonymous_9)
FNDA:6,(anonymous_10)
FNDA:6,(anonymous_11)
FNDA:6,(anonymous_12)
FNDA:6,(anonymous_13)
FNDA:0,(anonymous_14)
FNDA:0,(anonymous_15)
FNDA:0,(anonymous_16)
FNDA:0,(anonymous_17)
FNDA:1,(anonymous_18)
FNDA:0,(anonymous_19)
FNDA:0,(anonymous_20)
FNDA:0,(anonymous_21)
FNDA:0,(anonymous_22)
FNDA:0,(anonymous_23)
FNDA:0,(anonymous_24)
FNDA:0,(anonymous_25)
FNDA:0,(anonymous_26)
FNDA:0,(anonymous_27)
FNDA:0,(anonymous_28)
DA:1,1
DA:2,1
DA:3,1
DA:4,1
DA:5,1
DA:6,1
DA:7,1
DA:8,1
DA:9,1
DA:10,1
DA:11,1
DA:18,1
DA:21,1
DA:27,1
DA:28,6
DA:30,6
DA:32,6
DA:36,6
DA:37,6
DA:38,6
DA:41,6
DA:43,6
DA:49,6
DA:56,6
DA:57,6
DA:58,6
DA:59,6
DA:60,6
DA:62,6
DA:63,0
DA:64,0
DA:66,0
DA:67,0
DA:68,0
DA:73,0
DA:74,0
DA:75,0
DA:77,0
DA:81,6
DA:82,0
DA:83,0
DA:85,0
DA:90,0
DA:95,0
DA:96,0
DA:98,0
DA:102,6
DA:103,0
DA:104,0
DA:105,0
DA:111,0
DA:116,0
DA:117,0
DA:119,0
DA:123,6
DA:124,6
DA:125,6
DA:127,6
DA:129,0
DA:130,0
DA:133,0
DA:134,0
DA:136,0
DA:137,0
DA:140,6
DA:141,6
DA:144,6
DA:145,6
DA:146,0
DA:149,6
DA:150,6
DA:151,0
DA:154,6
DA:155,6
DA:161,0
DA:169,6
DA:170,6
DA:178,0
DA:188,6
DA:189,0
DA:190,0
DA:197,0
DA:202,0
DA:204,0
DA:208,6
DA:209,0
DA:213,0
DA:216,6
DA:217,0
DA:219,0
DA:223,0
DA:231,0
DA:233,0
DA:234,0
DA:236,0
DA:240,6
DA:241,1
DA:242,0
DA:243,0
DA:247,6
DA:335,0
DA:336,0
DA:342,0
DA:359,0
DA:361,0
DA:368,0
DA:382,0
DA:383,0
DA:389,0
DA:427,0
DA:468,1
LF:111
LH:52
BRDA:74,0,0,0
BRDA:96,1,0,0
BRDA:117,2,0,0
BRDA:127,3,0,6
BRDA:127,4,0,6
BRDA:127,4,1,0
BRDA:130,5,0,0
BRDA:133,6,0,0
BRDA:141,7,0,0
BRDA:145,8,0,0
BRDA:145,9,0,6
BRDA:145,9,1,0
BRDA:150,10,0,0
BRDA:150,11,0,6
BRDA:150,11,1,0
BRDA:150,11,2,0
BRDA:155,12,0,0
BRDA:156,13,0,6
BRDA:156,13,1,0
BRDA:156,13,2,0
BRDA:156,13,3,0
BRDA:170,14,0,0
BRDA:171,15,0,6
BRDA:171,15,1,0
BRDA:171,15,2,0
BRDA:171,15,3,0
BRDA:171,15,4,0
BRDA:171,15,5,0
BRDA:197,16,0,0
BRDA:197,16,1,0
BRDA:219,17,0,0
BRDA:219,17,1,0
BRDA:219,18,0,0
BRDA:219,18,1,0
BRDA:233,19,0,0
BRDA:233,19,1,0
BRDA:241,20,0,0
BRDA:242,21,0,0
BRDA:242,21,1,0
BRDA:339,22,0,6
BRDA:339,22,1,6
BRDA:342,23,0,0
BRDA:342,23,1,0
BRDA:365,24,0,6
BRDA:365,24,1,6
BRDA:368,25,0,0
BRDA:368,25,1,0
BRDA:386,26,0,6
BRDA:386,26,1,6
BRDA:389,27,0,0
BRDA:389,27,1,0
BRDA:421,28,0,6
BRDA:421,28,1,0
BRDA:431,29,0,0
BRDA:431,29,1,0
BRDA:436,30,0,6
BRDA:436,30,1,0
BRF:57
BRH:14
end_of_record
TN:
SF:src\servicos\compararDados\compararDadosService.ts
FN:3,(anonymous_0)
FN:6,(anonymous_1)
FN:9,(anonymous_2)
FN:12,(anonymous_3)
FN:15,(anonymous_4)
FN:18,(anonymous_5)
FN:21,(anonymous_6)
FNF:7
FNH:0
FNDA:0,(anonymous_0)
FNDA:0,(anonymous_1)
FNDA:0,(anonymous_2)
FNDA:0,(anonymous_3)
FNDA:0,(anonymous_4)
FNDA:0,(anonymous_5)
FNDA:0,(anonymous_6)
DA:1,1
DA:3,1
DA:4,0
DA:6,1
DA:7,0
DA:9,1
DA:10,0
DA:12,1
DA:13,0
DA:15,1
DA:16,0
DA:18,1
DA:19,0
DA:21,1
DA:22,0
LF:15
LH:8
BRF:0
BRH:0
end_of_record
